File: /var/log/contrail/config-api/contrail-api-0.log, Line: 21861
Error: exceptions.AttributeError, Timestamp: 2021-02-18 11:34:41
Details:
 02/18/2021 11:34:41.324 7fdd43d2feb0 [contrail-api] [ERROR]: <type 'exceptions.AttributeError'>
Python 2.7.5: /usr/bin/python
Thu Feb 18 11:34:41 2021

A problem occurred in a Python script.  Here is the sequence of
function calls leading up to the error, in the order they occurred.

 /usr/lib/python2.7/site-packages/vnc_openstack/__init__.py in handler_trap_exception(*args=(), **kwargs={})
 1362         def handler_trap_exception(*args, **kwargs):
 1363             try:
 1364                 response = handler(*args, **kwargs)
 1365                 return response
 1366             except vnc_exc.AuthFailed as e:
response undefined
handler = <bound method NeutronPluginInterface.plugin_http..._plugin_interface.NeutronPluginInterface object>>
args = ()
kwargs = {}

 /usr/lib/python2.7/site-packages/vnc_openstack/neutron_plugin_interface.py in plugin_http_post_subnet(self=<vnc_openstack.neutron_plugin_interface.NeutronPluginInterface object>)
  418             return self.plugin_get_subnet(context, subnet)
  419         elif context['operation'] == 'CREATE':
  420             return self.plugin_create_subnet(context, subnet)
  421         elif context['operation'] == 'UPDATE':
  422             return self.plugin_update_subnet(context, subnet)
self = <vnc_openstack.neutron_plugin_interface.NeutronPluginInterface object>
self.plugin_create_subnet = <bound method NeutronPluginInterface.plugin_crea..._plugin_interface.NeutronPluginInterface object>>
context = {'is_admin': True, 'operation': 'CREATE', 'request_id': 'req-dc6cc985-d9ba-43f3-9649-e426957ad203', 'roles': ['admin'], 'tenant': '7bbf5e076d7049c59343b6c153706da3', 'tenant_id': '7bbf5e076d7049c59343b6c153706da3', 'type': 'subnet', 'user_id': '94d13eed911248eeac91612d1ddc2b1e'}
subnet = {'fields': None, 'filters': None, 'resource': {'cidr': '36e2:8723:e4f5:128f:e74f:df5e::/96', 'description': u'', 'enable_dhcp': True, 'ip_version': 6, 'ipam_fq_name': ['default-domain', 'default-project', 'default-network-ipam'], 'name': u'', 'network_id': 'abad56bd-c9c0-4d55-b00a-2f359afaa313', 'project_id': '7bbf5e076d7049c59343b6c153706da3', 'tenant_id': '7bbf5e076d7049c59343b6c153706da3'}}

 /usr/lib/python2.7/site-packages/vnc_openstack/neutron_plugin_interface.py in plugin_create_subnet(self=<vnc_openstack.neutron_plugin_interface.NeutronPluginInterface object>, context={'is_admin': True, 'operation': 'CREATE', 'request_id': 'req-dc6cc985-d9ba-43f3-9649-e426957ad203', 'roles': ['admin'], 'tenant': '7bbf5e076d7049c59343b6c153706da3', 'tenant_id': '7bbf5e076d7049c59343b6c153706da3', 'type': 'subnet', 'user_id': '94d13eed911248eeac91612d1ddc2b1e'}, subnet={'fields': None, 'filters': None, 'resource': {'cidr': '36e2:8723:e4f5:128f:e74f:df5e::/96', 'description': u'', 'enable_dhcp': True, 'ip_version': 6, 'ipam_fq_name': ['default-domain', 'default-project', 'default-network-ipam'], 'name': u'', 'network_id': 'abad56bd-c9c0-4d55-b00a-2f359afaa313', 'project_id': '7bbf5e076d7049c59343b6c153706da3', 'tenant_id': '7bbf5e076d7049c59343b6c153706da3'}})
  376         """Subnet create request."""
  377         cfgdb = self._get_user_cfgdb(context)
  378         subnet_info = cfgdb.subnet_create(subnet['resource'])
  379         return self._make_subnet_dict(subnet_info)
  380 
subnet_info undefined
cfgdb = <vnc_openstack.neutron_plugin_db.DBInterface object>
cfgdb.subnet_create = <bound method DBInterface.subnet_create of <vnc_openstack.neutron_plugin_db.DBInterface object>>
subnet = {'fields': None, 'filters': None, 'resource': {'cidr': '36e2:8723:e4f5:128f:e74f:df5e::/96', 'description': u'', 'enable_dhcp': True, 'ip_version': 6, 'ipam_fq_name': ['default-domain', 'default-project', 'default-network-ipam'], 'name': u'', 'network_id': 'abad56bd-c9c0-4d55-b00a-2f359afaa313', 'project_id': '7bbf5e076d7049c59343b6c153706da3', 'tenant_id': '7bbf5e076d7049c59343b6c153706da3'}}

 /usr/lib/python2.7/site-packages/vnc_openstack/neutron_plugin_db.py in subnet_create(self=<vnc_openstack.neutron_plugin_db.DBInterface object>, subnet_q={'cidr': '36e2:8723:e4f5:128f:e74f:df5e::/96', 'description': u'', 'enable_dhcp': True, 'ip_version': 6, 'ipam_fq_name': ['default-domain', 'default-project', 'default-network-ipam'], 'name': u'', 'network_id': 'abad56bd-c9c0-4d55-b00a-2f359afaa313', 'project_id': '7bbf5e076d7049c59343b6c153706da3', 'tenant_id': '7bbf5e076d7049c59343b6c153706da3'})
 3860     def subnet_create(self, subnet_q):
 3861         net_id = subnet_q['network_id']
 3862         return self._subnet_create(net_id, subnet_q)
 3863 
 3864     @wait_for_api_server_connection
self = <vnc_openstack.neutron_plugin_db.DBInterface object>
self._subnet_create = <bound method DBInterface.wrapper of <vnc_openstack.neutron_plugin_db.DBInterface object>>
net_id = 'abad56bd-c9c0-4d55-b00a-2f359afaa313'
subnet_q = {'cidr': '36e2:8723:e4f5:128f:e74f:df5e::/96', 'description': u'', 'enable_dhcp': True, 'ip_version': 6, 'ipam_fq_name': ['default-domain', 'default-project', 'default-network-ipam'], 'name': u'', 'network_id': 'abad56bd-c9c0-4d55-b00a-2f359afaa313', 'project_id': '7bbf5e076d7049c59343b6c153706da3', 'tenant_id': '7bbf5e076d7049c59343b6c153706da3'}

 /usr/lib/python2.7/site-packages/vnc_openstack/neutron_plugin_db.py in wrapper(self=<vnc_openstack.neutron_plugin_db.DBInterface object>, *args=('abad56bd-c9c0-4d55-b00a-2f359afaa313', {'cidr': '36e2:8723:e4f5:128f:e74f:df5e::/96', 'description': u'', 'enable_dhcp': True, 'ip_version': 6, 'ipam_fq_name': ['default-domain', 'default-project', 'default-network-ipam'], 'name': u'', 'network_id': 'abad56bd-c9c0-4d55-b00a-2f359afaa313', 'project_id': '7bbf5e076d7049c59343b6c153706da3', 'tenant_id': '7bbf5e076d7049c59343b6c153706da3'}), **kwargs={})
 3490         def wrapper(self, *args, **kwargs):
 3491             self._connected_to_api_server.wait()
 3492             return func(self, *args, **kwargs)
 3493 
 3494         return wrapper
func = <function wrapper>
self = <vnc_openstack.neutron_plugin_db.DBInterface object>
args = ('abad56bd-c9c0-4d55-b00a-2f359afaa313', {'cidr': '36e2:8723:e4f5:128f:e74f:df5e::/96', 'description': u'', 'enable_dhcp': True, 'ip_version': 6, 'ipam_fq_name': ['default-domain', 'default-project', 'default-network-ipam'], 'name': u'', 'network_id': 'abad56bd-c9c0-4d55-b00a-2f359afaa313', 'project_id': '7bbf5e076d7049c59343b6c153706da3', 'tenant_id': '7bbf5e076d7049c59343b6c153706da3'})
kwargs = {}

 /usr/lib/python2.7/site-packages/vnc_openstack/neutron_plugin_db.py in wrapper(self=<vnc_openstack.neutron_plugin_db.DBInterface object>, *args=('abad56bd-c9c0-4d55-b00a-2f359afaa313', {'cidr': '36e2:8723:e4f5:128f:e74f:df5e::/96', 'description': u'', 'enable_dhcp': True, 'ip_version': 6, 'ipam_fq_name': ['default-domain', 'default-project', 'default-network-ipam'], 'name': u'', 'network_id': 'abad56bd-c9c0-4d55-b00a-2f359afaa313', 'project_id': '7bbf5e076d7049c59343b6c153706da3', 'tenant_id': '7bbf5e076d7049c59343b6c153706da3'}), **kwargs={})
 3774                 # If this node acquired the lock, continue with creation of
 3775                 # subnet
 3776                 return func(self, *args, **kwargs)
 3777 
 3778             except LockTimeout:
func = <function _subnet_create>
self = <vnc_openstack.neutron_plugin_db.DBInterface object>
args = ('abad56bd-c9c0-4d55-b00a-2f359afaa313', {'cidr': '36e2:8723:e4f5:128f:e74f:df5e::/96', 'description': u'', 'enable_dhcp': True, 'ip_version': 6, 'ipam_fq_name': ['default-domain', 'default-project', 'default-network-ipam'], 'name': u'', 'network_id': 'abad56bd-c9c0-4d55-b00a-2f359afaa313', 'project_id': '7bbf5e076d7049c59343b6c153706da3', 'tenant_id': '7bbf5e076d7049c59343b6c153706da3'})
kwargs = {}

 /usr/lib/python2.7/site-packages/vnc_openstack/neutron_plugin_db.py in _subnet_create(self=<vnc_openstack.neutron_plugin_db.DBInterface object>, subnet_id='abad56bd-c9c0-4d55-b00a-2f359afaa313', subnet_q={'cidr': '36e2:8723:e4f5:128f:e74f:df5e::/96', 'description': u'', 'enable_dhcp': True, 'ip_version': 6, 'ipam_fq_name': ['default-domain', 'default-project', 'default-network-ipam'], 'name': u'', 'network_id': 'abad56bd-c9c0-4d55-b00a-2f359afaa313', 'project_id': '7bbf5e076d7049c59343b6c153706da3', 'tenant_id': '7bbf5e076d7049c59343b6c153706da3'})
 3853         subnet_vnc = self._subnet_read(net_id, subnet_prefix)
 3854         subnet_info = self._subnet_vnc_to_neutron(subnet_vnc, net_obj,
 3855                                                   ipam_fq_name)
 3856 
 3857         return subnet_info
ipam_fq_name = ['default-domain', 'default-project', 'default-network-ipam']

 /usr/lib/python2.7/site-packages/vnc_openstack/neutron_plugin_db.py in wrapper(*args=(<vnc_openstack.neutron_plugin_db.DBInterface object>, None, <vnc_api.gen.resource_client.VirtualNetwork object>, ['default-domain', 'default-project', 'default-network-ipam']), **kwargs={})
  280                 cgitb_hook(format="text")
  281         else:
  282             return method(*args, **kwargs)
  283 
  284     return wrapper
method = <function _subnet_vnc_to_neutron>
args = (<vnc_openstack.neutron_plugin_db.DBInterface object>, None, <vnc_api.gen.resource_client.VirtualNetwork object>, ['default-domain', 'default-project', 'default-network-ipam'])
kwargs = {}

 /usr/lib/python2.7/site-packages/vnc_openstack/neutron_plugin_db.py in _subnet_vnc_to_neutron(self=<vnc_openstack.neutron_plugin_db.DBInterface object>, subnet_vnc=None, net_obj=<vnc_api.gen.resource_client.VirtualNetwork object>, ipam_fq_name=['default-domain', 'default-project', 'default-network-ipam'], oper=2)
 2094         sn_q_dict = {}
 2095         extra_dict = {}
 2096         sn_name = subnet_vnc.get_subnet_name()
 2097         if sn_name is not None:
 2098             sn_q_dict['name'] = sn_name
sn_name undefined
subnet_vnc = None
subnet_vnc.get_subnet_name undefined
<type 'exceptions.AttributeError'>: 'NoneType' object has no attribute 'get_subnet_name'
    __class__ = <type 'exceptions.AttributeError'>
    __delattr__ = <method-wrapper '__delattr__' of exceptions.AttributeError object>
    __dict__ = {}
    __doc__ = 'Attribute not found.'
    __format__ = <built-in method __format__ of exceptions.AttributeError object>
    __getattribute__ = <method-wrapper '__getattribute__' of exceptions.AttributeError object>
    __getitem__ = <method-wrapper '__getitem__' of exceptions.AttributeError object>
    __getslice__ = <method-wrapper '__getslice__' of exceptions.AttributeError object>
    __hash__ = <method-wrapper '__hash__' of exceptions.AttributeError object>
    __init__ = <method-wrapper '__init__' of exceptions.AttributeError object>
    __new__ = <built-in method __new__ of type object>
    __reduce__ = <built-in method __reduce__ of exceptions.AttributeError object>
    __reduce_ex__ = <built-in method __reduce_ex__ of exceptions.AttributeError object>
    __repr__ = <method-wrapper '__repr__' of exceptions.AttributeError object>
    __setattr__ = <method-wrapper '__setattr__' of exceptions.AttributeError object>
    __setstate__ = <built-in method __setstate__ of exceptions.AttributeError object>
    __sizeof__ = <built-in method __sizeof__ of exceptions.AttributeError object>
    __str__ = <method-wrapper '__str__' of exceptions.AttributeError object>
    __subclasshook__ = <built-in method __subclasshook__ of type object>
    __unicode__ = <built-in method __unicode__ of exceptions.AttributeError object>
    args = ("'NoneType' object has no attribute 'get_subnet_name'",)
    message = "'NoneType' object has no attribute 'get_subnet_name'"

The above is a description of an error in a Python program.  Here is
the original traceback:

Traceback (most recent call last):
  File "/usr/lib/python2.7/site-packages/vnc_openstack/__init__.py", line 1364, in handler_trap_exception
    response = handler(*args, **kwargs)
  File "/usr/lib/python2.7/site-packages/vnc_openstack/neutron_plugin_interface.py", line 420, in plugin_http_post_subnet
    return self.plugin_create_subnet(context, subnet)
  File "/usr/lib/python2.7/site-packages/vnc_openstack/neutron_plugin_interface.py", line 378, in plugin_create_subnet
    subnet_info = cfgdb.subnet_create(subnet['resource'])
  File "/usr/lib/python2.7/site-packages/vnc_openstack/neutron_plugin_db.py", line 3862, in subnet_create
    return self._subnet_create(net_id, subnet_q)
  File "/usr/lib/python2.7/site-packages/vnc_openstack/neutron_plugin_db.py", line 3492, in wrapper
    return func(self, *args, **kwargs)
  File "/usr/lib/python2.7/site-packages/vnc_openstack/neutron_plugin_db.py", line 3776, in wrapper
    return func(self, *args, **kwargs)
  File "/usr/lib/python2.7/site-packages/vnc_openstack/neutron_plugin_db.py", line 3855, in _subnet_create
    ipam_fq_name)
  File "/usr/lib/python2.7/site-packages/vnc_openstack/neutron_plugin_db.py", line 282, in wrapper
    return method(*args, **kwargs)
  File "/usr/lib/python2.7/site-packages/vnc_openstack/neutron_plugin_db.py", line 2096, in _subnet_vnc_to_neutron
    sn_name = subnet_vnc.get_subnet_name()
AttributeError: 'NoneType' object has no attribute 'get_subnet_name'
--------------------------------------------------------------------------------
File: /var/log/contrail/config-api/contrail-api-0.log, Line: 27229
Error: exceptions.AttributeError, Timestamp: 2021-02-18 11:37:52
Details:
 02/18/2021 11:37:52.163 7fdd439d2e10 [contrail-api] [ERROR]: <type 'exceptions.AttributeError'>
Python 2.7.5: /usr/bin/python
Thu Feb 18 11:37:52 2021

A problem occurred in a Python script.  Here is the sequence of
function calls leading up to the error, in the order they occurred.

 /usr/lib/python2.7/site-packages/vnc_openstack/__init__.py in handler_trap_exception(*args=(), **kwargs={})
 1362         def handler_trap_exception(*args, **kwargs):
 1363             try:
 1364                 response = handler(*args, **kwargs)
 1365                 return response
 1366             except vnc_exc.AuthFailed as e:
response undefined
handler = <bound method NeutronPluginInterface.plugin_http..._plugin_interface.NeutronPluginInterface object>>
args = ()
kwargs = {}

 /usr/lib/python2.7/site-packages/vnc_openstack/neutron_plugin_interface.py in plugin_http_post_subnet(self=<vnc_openstack.neutron_plugin_interface.NeutronPluginInterface object>)
  418             return self.plugin_get_subnet(context, subnet)
  419         elif context['operation'] == 'CREATE':
  420             return self.plugin_create_subnet(context, subnet)
  421         elif context['operation'] == 'UPDATE':
  422             return self.plugin_update_subnet(context, subnet)
self = <vnc_openstack.neutron_plugin_interface.NeutronPluginInterface object>
self.plugin_create_subnet = <bound method NeutronPluginInterface.plugin_crea..._plugin_interface.NeutronPluginInterface object>>
context = {'is_admin': True, 'operation': 'CREATE', 'request_id': 'req-d9fcaf55-8ba7-4a21-90c0-3097c6fb4145', 'roles': ['admin'], 'tenant': '565cee70b0ed4d04ba79cd178e917a33', 'tenant_id': '565cee70b0ed4d04ba79cd178e917a33', 'type': 'subnet', 'user_id': '5a5e096ebde04708a446c1101121a798'}
subnet = {'fields': None, 'filters': None, 'resource': {'cidr': '168.245.97.64/26', 'description': u'', 'enable_dhcp': True, 'ip_version': 4, 'ipam_fq_name': ['default-domain', 'default-project', 'default-network-ipam'], 'name': u'', 'network_id': 'a5f074a3-6ac1-4e46-b754-0ac775e52530', 'project_id': '565cee70b0ed4d04ba79cd178e917a33', 'tenant_id': '565cee70b0ed4d04ba79cd178e917a33'}}

 /usr/lib/python2.7/site-packages/vnc_openstack/neutron_plugin_interface.py in plugin_create_subnet(self=<vnc_openstack.neutron_plugin_interface.NeutronPluginInterface object>, context={'is_admin': True, 'operation': 'CREATE', 'request_id': 'req-d9fcaf55-8ba7-4a21-90c0-3097c6fb4145', 'roles': ['admin'], 'tenant': '565cee70b0ed4d04ba79cd178e917a33', 'tenant_id': '565cee70b0ed4d04ba79cd178e917a33', 'type': 'subnet', 'user_id': '5a5e096ebde04708a446c1101121a798'}, subnet={'fields': None, 'filters': None, 'resource': {'cidr': '168.245.97.64/26', 'description': u'', 'enable_dhcp': True, 'ip_version': 4, 'ipam_fq_name': ['default-domain', 'default-project', 'default-network-ipam'], 'name': u'', 'network_id': 'a5f074a3-6ac1-4e46-b754-0ac775e52530', 'project_id': '565cee70b0ed4d04ba79cd178e917a33', 'tenant_id': '565cee70b0ed4d04ba79cd178e917a33'}})
  376         """Subnet create request."""
  377         cfgdb = self._get_user_cfgdb(context)
  378         subnet_info = cfgdb.subnet_create(subnet['resource'])
  379         return self._make_subnet_dict(subnet_info)
  380 
subnet_info undefined
cfgdb = <vnc_openstack.neutron_plugin_db.DBInterface object>
cfgdb.subnet_create = <bound method DBInterface.subnet_create of <vnc_openstack.neutron_plugin_db.DBInterface object>>
subnet = {'fields': None, 'filters': None, 'resource': {'cidr': '168.245.97.64/26', 'description': u'', 'enable_dhcp': True, 'ip_version': 4, 'ipam_fq_name': ['default-domain', 'default-project', 'default-network-ipam'], 'name': u'', 'network_id': 'a5f074a3-6ac1-4e46-b754-0ac775e52530', 'project_id': '565cee70b0ed4d04ba79cd178e917a33', 'tenant_id': '565cee70b0ed4d04ba79cd178e917a33'}}

 /usr/lib/python2.7/site-packages/vnc_openstack/neutron_plugin_db.py in subnet_create(self=<vnc_openstack.neutron_plugin_db.DBInterface object>, subnet_q={'cidr': '168.245.97.64/26', 'description': u'', 'enable_dhcp': True, 'ip_version': 4, 'ipam_fq_name': ['default-domain', 'default-project', 'default-network-ipam'], 'name': u'', 'network_id': 'a5f074a3-6ac1-4e46-b754-0ac775e52530', 'project_id': '565cee70b0ed4d04ba79cd178e917a33', 'tenant_id': '565cee70b0ed4d04ba79cd178e917a33'})
 3860     def subnet_create(self, subnet_q):
 3861         net_id = subnet_q['network_id']
 3862         return self._subnet_create(net_id, subnet_q)
 3863 
 3864     @wait_for_api_server_connection
self = <vnc_openstack.neutron_plugin_db.DBInterface object>
self._subnet_create = <bound method DBInterface.wrapper of <vnc_openstack.neutron_plugin_db.DBInterface object>>
net_id = 'a5f074a3-6ac1-4e46-b754-0ac775e52530'
subnet_q = {'cidr': '168.245.97.64/26', 'description': u'', 'enable_dhcp': True, 'ip_version': 4, 'ipam_fq_name': ['default-domain', 'default-project', 'default-network-ipam'], 'name': u'', 'network_id': 'a5f074a3-6ac1-4e46-b754-0ac775e52530', 'project_id': '565cee70b0ed4d04ba79cd178e917a33', 'tenant_id': '565cee70b0ed4d04ba79cd178e917a33'}

 /usr/lib/python2.7/site-packages/vnc_openstack/neutron_plugin_db.py in wrapper(self=<vnc_openstack.neutron_plugin_db.DBInterface object>, *args=('a5f074a3-6ac1-4e46-b754-0ac775e52530', {'cidr': '168.245.97.64/26', 'description': u'', 'enable_dhcp': True, 'ip_version': 4, 'ipam_fq_name': ['default-domain', 'default-project', 'default-network-ipam'], 'name': u'', 'network_id': 'a5f074a3-6ac1-4e46-b754-0ac775e52530', 'project_id': '565cee70b0ed4d04ba79cd178e917a33', 'tenant_id': '565cee70b0ed4d04ba79cd178e917a33'}), **kwargs={})
 3490         def wrapper(self, *args, **kwargs):
 3491             self._connected_to_api_server.wait()
 3492             return func(self, *args, **kwargs)
 3493 
 3494         return wrapper
func = <function wrapper>
self = <vnc_openstack.neutron_plugin_db.DBInterface object>
args = ('a5f074a3-6ac1-4e46-b754-0ac775e52530', {'cidr': '168.245.97.64/26', 'description': u'', 'enable_dhcp': True, 'ip_version': 4, 'ipam_fq_name': ['default-domain', 'default-project', 'default-network-ipam'], 'name': u'', 'network_id': 'a5f074a3-6ac1-4e46-b754-0ac775e52530', 'project_id': '565cee70b0ed4d04ba79cd178e917a33', 'tenant_id': '565cee70b0ed4d04ba79cd178e917a33'})
kwargs = {}

 /usr/lib/python2.7/site-packages/vnc_openstack/neutron_plugin_db.py in wrapper(self=<vnc_openstack.neutron_plugin_db.DBInterface object>, *args=('a5f074a3-6ac1-4e46-b754-0ac775e52530', {'cidr': '168.245.97.64/26', 'description': u'', 'enable_dhcp': True, 'ip_version': 4, 'ipam_fq_name': ['default-domain', 'default-project', 'default-network-ipam'], 'name': u'', 'network_id': 'a5f074a3-6ac1-4e46-b754-0ac775e52530', 'project_id': '565cee70b0ed4d04ba79cd178e917a33', 'tenant_id': '565cee70b0ed4d04ba79cd178e917a33'}), **kwargs={})
 3774                 # If this node acquired the lock, continue with creation of
 3775                 # subnet
 3776                 return func(self, *args, **kwargs)
 3777 
 3778             except LockTimeout:
func = <function _subnet_create>
self = <vnc_openstack.neutron_plugin_db.DBInterface object>
args = ('a5f074a3-6ac1-4e46-b754-0ac775e52530', {'cidr': '168.245.97.64/26', 'description': u'', 'enable_dhcp': True, 'ip_version': 4, 'ipam_fq_name': ['default-domain', 'default-project', 'default-network-ipam'], 'name': u'', 'network_id': 'a5f074a3-6ac1-4e46-b754-0ac775e52530', 'project_id': '565cee70b0ed4d04ba79cd178e917a33', 'tenant_id': '565cee70b0ed4d04ba79cd178e917a33'})
kwargs = {}

 /usr/lib/python2.7/site-packages/vnc_openstack/neutron_plugin_db.py in _subnet_create(self=<vnc_openstack.neutron_plugin_db.DBInterface object>, subnet_id='a5f074a3-6ac1-4e46-b754-0ac775e52530', subnet_q={'cidr': '168.245.97.64/26', 'description': u'', 'enable_dhcp': True, 'ip_version': 4, 'ipam_fq_name': ['default-domain', 'default-project', 'default-network-ipam'], 'name': u'', 'network_id': 'a5f074a3-6ac1-4e46-b754-0ac775e52530', 'project_id': '565cee70b0ed4d04ba79cd178e917a33', 'tenant_id': '565cee70b0ed4d04ba79cd178e917a33'})
 3853         subnet_vnc = self._subnet_read(net_id, subnet_prefix)
 3854         subnet_info = self._subnet_vnc_to_neutron(subnet_vnc, net_obj,
 3855                                                   ipam_fq_name)
 3856 
 3857         return subnet_info
ipam_fq_name = ['default-domain', 'default-project', 'default-network-ipam']

 /usr/lib/python2.7/site-packages/vnc_openstack/neutron_plugin_db.py in wrapper(*args=(<vnc_openstack.neutron_plugin_db.DBInterface object>, None, <vnc_api.gen.resource_client.VirtualNetwork object>, ['default-domain', 'default-project', 'default-network-ipam']), **kwargs={})
  280                 cgitb_hook(format="text")
  281         else:
  282             return method(*args, **kwargs)
  283 
  284     return wrapper
method = <function _subnet_vnc_to_neutron>
args = (<vnc_openstack.neutron_plugin_db.DBInterface object>, None, <vnc_api.gen.resource_client.VirtualNetwork object>, ['default-domain', 'default-project', 'default-network-ipam'])
kwargs = {}

 /usr/lib/python2.7/site-packages/vnc_openstack/neutron_plugin_db.py in _subnet_vnc_to_neutron(self=<vnc_openstack.neutron_plugin_db.DBInterface object>, subnet_vnc=None, net_obj=<vnc_api.gen.resource_client.VirtualNetwork object>, ipam_fq_name=['default-domain', 'default-project', 'default-network-ipam'], oper=2)
 2094         sn_q_dict = {}
 2095         extra_dict = {}
 2096         sn_name = subnet_vnc.get_subnet_name()
 2097         if sn_name is not None:
 2098             sn_q_dict['name'] = sn_name
sn_name undefined
subnet_vnc = None
subnet_vnc.get_subnet_name undefined
<type 'exceptions.AttributeError'>: 'NoneType' object has no attribute 'get_subnet_name'
    __class__ = <type 'exceptions.AttributeError'>
    __delattr__ = <method-wrapper '__delattr__' of exceptions.AttributeError object>
    __dict__ = {}
    __doc__ = 'Attribute not found.'
    __format__ = <built-in method __format__ of exceptions.AttributeError object>
    __getattribute__ = <method-wrapper '__getattribute__' of exceptions.AttributeError object>
    __getitem__ = <method-wrapper '__getitem__' of exceptions.AttributeError object>
    __getslice__ = <method-wrapper '__getslice__' of exceptions.AttributeError object>
    __hash__ = <method-wrapper '__hash__' of exceptions.AttributeError object>
    __init__ = <method-wrapper '__init__' of exceptions.AttributeError object>
    __new__ = <built-in method __new__ of type object>
    __reduce__ = <built-in method __reduce__ of exceptions.AttributeError object>
    __reduce_ex__ = <built-in method __reduce_ex__ of exceptions.AttributeError object>
    __repr__ = <method-wrapper '__repr__' of exceptions.AttributeError object>
    __setattr__ = <method-wrapper '__setattr__' of exceptions.AttributeError object>
    __setstate__ = <built-in method __setstate__ of exceptions.AttributeError object>
    __sizeof__ = <built-in method __sizeof__ of exceptions.AttributeError object>
    __str__ = <method-wrapper '__str__' of exceptions.AttributeError object>
    __subclasshook__ = <built-in method __subclasshook__ of type object>
    __unicode__ = <built-in method __unicode__ of exceptions.AttributeError object>
    args = ("'NoneType' object has no attribute 'get_subnet_name'",)
    message = "'NoneType' object has no attribute 'get_subnet_name'"

The above is a description of an error in a Python program.  Here is
the original traceback:

Traceback (most recent call last):
  File "/usr/lib/python2.7/site-packages/vnc_openstack/__init__.py", line 1364, in handler_trap_exception
    response = handler(*args, **kwargs)
  File "/usr/lib/python2.7/site-packages/vnc_openstack/neutron_plugin_interface.py", line 420, in plugin_http_post_subnet
    return self.plugin_create_subnet(context, subnet)
  File "/usr/lib/python2.7/site-packages/vnc_openstack/neutron_plugin_interface.py", line 378, in plugin_create_subnet
    subnet_info = cfgdb.subnet_create(subnet['resource'])
  File "/usr/lib/python2.7/site-packages/vnc_openstack/neutron_plugin_db.py", line 3862, in subnet_create
    return self._subnet_create(net_id, subnet_q)
  File "/usr/lib/python2.7/site-packages/vnc_openstack/neutron_plugin_db.py", line 3492, in wrapper
    return func(self, *args, **kwargs)
  File "/usr/lib/python2.7/site-packages/vnc_openstack/neutron_plugin_db.py", line 3776, in wrapper
    return func(self, *args, **kwargs)
  File "/usr/lib/python2.7/site-packages/vnc_openstack/neutron_plugin_db.py", line 3855, in _subnet_create
    ipam_fq_name)
  File "/usr/lib/python2.7/site-packages/vnc_openstack/neutron_plugin_db.py", line 282, in wrapper
    return method(*args, **kwargs)
  File "/usr/lib/python2.7/site-packages/vnc_openstack/neutron_plugin_db.py", line 2096, in _subnet_vnc_to_neutron
    sn_name = subnet_vnc.get_subnet_name()
AttributeError: 'NoneType' object has no attribute 'get_subnet_name'
--------------------------------------------------------------------------------
