2021-02-24 11:19:16,836 - INFO - Applying policy file: /var/tmp/templates/auth_policy.yaml
2021-02-24 11:19:21,342 - INFO - Waiting for policy to update in ConfigMap
2021-02-24 11:19:26,343 - INFO - Policy updated in ConfigMap
2021-02-24 11:19:32,471 - INFO - create pod successful in default namespace
2021-02-24 11:19:34,350 - INFO - create deployment successful in default namespace
2021-02-24 11:19:35,880 - INFO - create service successful in default namespace
2021-02-24 11:19:37,317 - INFO - create namespace successful in default namespace
2021-02-24 11:19:38,718 - INFO - create network_attachment_definition successful in default namespace
2021-02-24 11:19:40,701 - INFO - create network_policy successful in default namespace
2021-02-24 11:20:12,140 - ERROR - Error from server (InternalError): error when creating "/var/tmp/templates/ingress.yaml": an error on the server ("Internal Server Error: \"/apis/extensions/v1beta1/namespaces/default/ingresses?fieldManager=kubectl-create\": Post https://10.108.100.63:8443/webhook?timeout=30s: context deadline exceeded (Client.Timeout exceeded while awaiting headers)") has prevented the request from succeeding (post ingresses.extensions)

2021-02-24 11:20:12,141 - ERROR - Error while ingress create
2021-02-24 11:21:43,820 - INFO - Applying policy file: /var/tmp/templates/auth_policy.yaml
2021-02-24 11:21:45,128 - INFO - Waiting for policy to update in ConfigMap
2021-02-24 11:21:50,129 - INFO - Policy updated in ConfigMap
2021-02-24 11:22:30,295 - ERROR - error: You must be logged in to the server (the server has asked for the client to provide credentials)

2021-02-24 11:22:30,296 - ERROR - Error while pod create
2021-02-24 11:23:53,690 - INFO - Applying policy file: /var/tmp/templates/auth_policy.yaml
2021-02-24 11:23:55,004 - INFO - Waiting for policy to update in ConfigMap
2021-02-24 11:24:00,006 - INFO - Policy updated in ConfigMap
2021-02-24 11:26:52,377 - ERROR - Error from server (InternalError): error when creating "/var/tmp/templates/ingress.yaml": an error on the server ("Internal Server Error: \"/apis/extensions/v1beta1/namespaces/default/ingresses?fieldManager=kubectl-create\": Post https://10.108.100.63:8443/webhook?timeout=30s: context deadline exceeded") has prevented the request from succeeding (post ingresses.extensions)

2021-02-24 11:26:52,378 - ERROR - Error while ingress create
2021-02-24 11:30:54,281 - INFO - Applying policy file: /var/tmp/templates/auth_policy.yaml
2021-02-24 11:30:58,869 - INFO - Waiting for policy to update in ConfigMap
2021-02-24 11:31:03,871 - INFO - Policy updated in ConfigMap
2021-02-24 11:32:10,983 - INFO - create namespace successful in default namespace
2021-02-24 11:32:21,145 - INFO - create ingress successful in default namespace
2021-02-24 11:32:22,610 - INFO - create daemonset successful in default namespace
2021-02-24 11:33:07,015 - INFO - delete pod successful in default namespace
2021-02-24 11:33:08,212 - INFO - delete deployment successful in default namespace
2021-02-24 11:33:09,587 - INFO - delete service successful in default namespace
2021-02-24 11:33:16,043 - INFO - delete namespace successful in default namespace
2021-02-24 11:33:17,387 - INFO - delete network_attachment_definition successful in default namespace
2021-02-24 11:33:18,571 - INFO - delete network_policy successful in default namespace
2021-02-24 11:33:19,828 - INFO - delete ingress successful in default namespace
2021-02-24 11:33:21,127 - INFO - delete daemonset successful in default namespace
