2021-03-23 11:39:38,612 - DEBUG - Requesting: http://10.204.216.103:8082/virtual-machine/ae239fed-a96d-49aa-a505-50d7eb00e48c
2021-03-23 11:39:39,031 - DEBUG - Requesting: http://10.204.216.103:8082/virtual-machine/ae239fed-a96d-49aa-a505-50d7eb00e48c
2021-03-23 11:39:39,115 - DEBUG - {'virtual-machine': {'display_name': 'ae239fed-a96d-49aa-a505-50d7eb00e48c',
                     'fq_name': ['ae239fed-a96d-49aa-a505-50d7eb00e48c'],
                     'href': 'http://10.204.216.103:8082/virtual-machine/ae239fed-a96d-49aa-a505-50d7eb00e48c',
                     'id_perms': {'created': '2021-03-23T11:39:29.095849',
                                  'creator': None,
                                  'description': None,
                                  'enable': True,
                                  'last_modified': '2021-03-23T11:39:29.095849',
                                  'permissions': {'group': 'cloud-admin-group',
                                                  'group_access': 7,
                                                  'other_access': 7,
                                                  'owner': 'cloud-admin',
                                                  'owner_access': 7},
                                  'user_visible': True,
                                  'uuid': {'uuid_lslong': 11890999279432557708,
                                           'uuid_mslong': 12548048829882911146}},
                     'name': 'ae239fed-a96d-49aa-a505-50d7eb00e48c',
                     'perms2': {'global_access': 0,
                                'owner': '731efd5f-0145-49d2-907d-d24343d4c681',
                                'owner_access': 7,
                                'share': []},
                     'server_type': 'virtual-server',
                     'uuid': 'ae239fed-a96d-49aa-a505-50d7eb00e48c',
                     'virtual_machine_interface_back_refs': [{'attr': None,
                                                              'href': 'http://10.204.216.103:8082/virtual-machine-interface/0d89edbb-b7df-4301-b275-a7a923c29c48',
                                                              'to': ['default-domain',
                                                                     'ctest-TestFlowScale-36433254',
                                                                     '0d89edbb-b7df-4301-b275-a7a923c29c48'],
                                                              'uuid': '0d89edbb-b7df-4301-b275-a7a923c29c48'}]}}
2021-03-23 11:39:39,115 - DEBUG - Requesting: http://10.204.216.103:8082/virtual-machine-interface/0d89edbb-b7df-4301-b275-a7a923c29c48
2021-03-23 11:39:39,134 - DEBUG - {'virtual-machine-interface': {'display_name': '0d89edbb-b7df-4301-b275-a7a923c29c48',
                               'fq_name': ['default-domain',
                                           'ctest-TestFlowScale-36433254',
                                           '0d89edbb-b7df-4301-b275-a7a923c29c48'],
                               'href': 'http://10.204.216.103:8082/virtual-machine-interface/0d89edbb-b7df-4301-b275-a7a923c29c48',
                               'id_perms': {'created': '2021-03-23T11:39:29.118548',
                                            'creator': None,
                                            'description': '',
                                            'enable': True,
                                            'last_modified': '2021-03-23T11:39:30.268857',
                                            'permissions': {'group': 'reader',
                                                            'group_access': 7,
                                                            'other_access': 7,
                                                            'owner': 'ctest-TestFlowScale-36433254',
                                                            'owner_access': 7},
                                            'user_visible': True,
                                            'uuid': {'uuid_lslong': 12859368655917587528,
                                                     'uuid_mslong': 975572184801952513}},
                               'instance_ip_back_refs': [{'attr': None,
                                                          'href': 'http://10.204.216.103:8082/instance-ip/61955e4a-24f8-493c-97b0-5a767f799952',
                                                          'to': ['61955e4a-24f8-493c-97b0-5a767f799952'],
                                                          'uuid': '61955e4a-24f8-493c-97b0-5a767f799952'}],
                               'name': '0d89edbb-b7df-4301-b275-a7a923c29c48',
                               'parent_href': 'http://10.204.216.103:8082/project/731efd5f-0145-49d2-907d-d24343d4c681',
                               'parent_type': 'project',
                               'parent_uuid': '731efd5f-0145-49d2-907d-d24343d4c681',
                               'perms2': {'global_access': 0,
                                          'owner': '731efd5f014549d2907dd24343d4c681',
                                          'owner_access': 7,
                                          'share': []},
                               'port_security_enabled': True,
                               'routing_instance_refs': [{'attr': {'direction': 'both',
                                                                   'dst_mac': None,
                                                                   'ipv6_service_chain_address': None,
                                                                   'mpls_label': None,
                                                                   'protocol': None,
                                                                   'service_chain_address': None,
                                                                   'src_mac': None,
                                                                   'vlan_tag': None},
                                                          'href': 'http://10.204.216.103:8082/routing-instance/f9f0887e-4939-46a3-9d97-8fdf93c321a0',
                                                          'to': ['default-domain',
                                                                 'ctest-TestFlowScale-36433254',
                                                                 'ctest-vn-64633706',
                                                                 'ctest-vn-64633706'],
                                                          'uuid': 'f9f0887e-4939-46a3-9d97-8fdf93c321a0'}],
                               'security_group_refs': [{'attr': None,
                                                        'href': 'http://10.204.216.103:8082/security-group/06195016-f85a-4816-a558-fa3632c7d110',
                                                        'to': ['default-domain',
                                                               'ctest-TestFlowScale-36433254',
                                                               'default'],
                                                        'uuid': '06195016-f85a-4816-a558-fa3632c7d110'}],
                               'tag_refs': [{'attr': None,
                                             'href': 'http://10.204.216.103:8082/tag/b04adf82-1107-4717-8cfa-1b809d559ad8',
                                             'to': ['default-domain',
                                                    'ctest-TestFlowScale-36433254',
                                                    'neutron_fwaas=331e92e9-4bd0-4d1e-8db3-f41f828c36e1'],
                                             'uuid': 'b04adf82-1107-4717-8cfa-1b809d559ad8'}],
                               'uuid': '0d89edbb-b7df-4301-b275-a7a923c29c48',
                               'virtual_machine_interface_bindings': {'key_value_pair': [{'key': 'host_id',
                                                                                          'value': 'nodem10'},
                                                                                         {'key': 'vnic_type',
                                                                                          'value': 'normal'}]},
                               'virtual_machine_interface_device_owner': 'compute:nova',
                               'virtual_machine_interface_mac_addresses': {'mac_address': ['02:0d:89:ed:bb:b7']},
                               'virtual_machine_refs': [{'attr': None,
                                                         'href': 'http://10.204.216.103:8082/virtual-machine/ae239fed-a96d-49aa-a505-50d7eb00e48c',
                                                         'to': ['ae239fed-a96d-49aa-a505-50d7eb00e48c'],
                                                         'uuid': 'ae239fed-a96d-49aa-a505-50d7eb00e48c'}],
                               'virtual_network_refs': [{'attr': None,
                                                         'href': 'http://10.204.216.103:8082/virtual-network/38a1a831-6245-4c99-ac01-dc76c2a2a6e9',
                                                         'to': ['default-domain',
                                                                'ctest-TestFlowScale-36433254',
                                                                'ctest-vn-64633706'],
                                                         'uuid': '38a1a831-6245-4c99-ac01-dc76c2a2a6e9'}]}}
2021-03-23 11:39:39,135 - DEBUG - Requesting: http://10.204.216.99:8085/Snh_PageReq?x=begin:-1,end:-1,table:db.interface.0,uuid:0d89edbb-b7df-4301-b275-a7a923c29c48
2021-03-23 11:53:47,916 - DEBUG - Requesting: http://10.204.216.103:8082/virtual-machine/5e0c9a16-4486-4c06-b09e-75d39bc03c27
2021-03-23 11:53:48,314 - DEBUG - Requesting: http://10.204.216.103:8082/virtual-machine/5e0c9a16-4486-4c06-b09e-75d39bc03c27
2021-03-23 11:53:48,387 - DEBUG - {'virtual-machine': {'display_name': '5e0c9a16-4486-4c06-b09e-75d39bc03c27',
                     'fq_name': ['5e0c9a16-4486-4c06-b09e-75d39bc03c27'],
                     'href': 'http://10.204.216.103:8082/virtual-machine/5e0c9a16-4486-4c06-b09e-75d39bc03c27',
                     'id_perms': {'created': '2021-03-23T11:53:38.116436',
                                  'creator': None,
                                  'description': None,
                                  'enable': True,
                                  'last_modified': '2021-03-23T11:53:38.116436',
                                  'permissions': {'group': 'cloud-admin-group',
                                                  'group_access': 7,
                                                  'other_access': 7,
                                                  'owner': 'cloud-admin',
                                                  'owner_access': 7},
                                  'user_visible': True,
                                  'uuid': {'uuid_lslong': 12726739148707216423,
                                           'uuid_mslong': 6776960959715363846}},
                     'name': '5e0c9a16-4486-4c06-b09e-75d39bc03c27',
                     'perms2': {'global_access': 0,
                                'owner': '055e92ce-1f16-4b16-b30b-f3818d73dd34',
                                'owner_access': 7,
                                'share': []},
                     'server_type': 'virtual-server',
                     'uuid': '5e0c9a16-4486-4c06-b09e-75d39bc03c27',
                     'virtual_machine_interface_back_refs': [{'attr': None,
                                                              'href': 'http://10.204.216.103:8082/virtual-machine-interface/060a4fc3-192c-43de-acdc-968c8ef4ac18',
                                                              'to': ['default-domain',
                                                                     'ctest-TestFlowScale-13123181',
                                                                     '060a4fc3-192c-43de-acdc-968c8ef4ac18'],
                                                              'uuid': '060a4fc3-192c-43de-acdc-968c8ef4ac18'}]}}
2021-03-23 11:53:48,388 - DEBUG - Requesting: http://10.204.216.103:8082/virtual-machine-interface/060a4fc3-192c-43de-acdc-968c8ef4ac18
2021-03-23 11:53:48,404 - DEBUG - {'virtual-machine-interface': {'display_name': '060a4fc3-192c-43de-acdc-968c8ef4ac18',
                               'fq_name': ['default-domain',
                                           'ctest-TestFlowScale-13123181',
                                           '060a4fc3-192c-43de-acdc-968c8ef4ac18'],
                               'href': 'http://10.204.216.103:8082/virtual-machine-interface/060a4fc3-192c-43de-acdc-968c8ef4ac18',
                               'id_perms': {'created': '2021-03-23T11:53:38.138624',
                                            'creator': None,
                                            'description': '',
                                            'enable': True,
                                            'last_modified': '2021-03-23T11:53:39.265344',
                                            'permissions': {'group': 'reader',
                                                            'group_access': 7,
                                                            'other_access': 7,
                                                            'owner': 'ctest-TestFlowScale-13123181',
                                                            'owner_access': 7},
                                            'user_visible': True,
                                            'uuid': {'uuid_lslong': 12455996199837936664,
                                                     'uuid_mslong': 435248013354222558}},
                               'instance_ip_back_refs': [{'attr': None,
                                                          'href': 'http://10.204.216.103:8082/instance-ip/29962b15-6817-4cf9-888d-762a1e43e3cd',
                                                          'to': ['29962b15-6817-4cf9-888d-762a1e43e3cd'],
                                                          'uuid': '29962b15-6817-4cf9-888d-762a1e43e3cd'}],
                               'name': '060a4fc3-192c-43de-acdc-968c8ef4ac18',
                               'parent_href': 'http://10.204.216.103:8082/project/055e92ce-1f16-4b16-b30b-f3818d73dd34',
                               'parent_type': 'project',
                               'parent_uuid': '055e92ce-1f16-4b16-b30b-f3818d73dd34',
                               'perms2': {'global_access': 0,
                                          'owner': '055e92ce1f164b16b30bf3818d73dd34',
                                          'owner_access': 7,
                                          'share': []},
                               'port_security_enabled': True,
                               'routing_instance_refs': [{'attr': {'direction': 'both',
                                                                   'dst_mac': None,
                                                                   'ipv6_service_chain_address': None,
                                                                   'mpls_label': None,
                                                                   'protocol': None,
                                                                   'service_chain_address': None,
                                                                   'src_mac': None,
                                                                   'vlan_tag': None},
                                                          'href': 'http://10.204.216.103:8082/routing-instance/4cdc8fcc-6681-495d-8fc3-4fee5dafcd7e',
                                                          'to': ['default-domain',
                                                                 'ctest-TestFlowScale-13123181',
                                                                 'ctest-vn-76895040',
                                                                 'ctest-vn-76895040'],
                                                          'uuid': '4cdc8fcc-6681-495d-8fc3-4fee5dafcd7e'}],
                               'security_group_refs': [{'attr': None,
                                                        'href': 'http://10.204.216.103:8082/security-group/c68b4bee-c610-490e-a531-bb8a06108d3d',
                                                        'to': ['default-domain',
                                                               'ctest-TestFlowScale-13123181',
                                                               'default'],
                                                        'uuid': 'c68b4bee-c610-490e-a531-bb8a06108d3d'}],
                               'tag_refs': [{'attr': None,
                                             'href': 'http://10.204.216.103:8082/tag/156cbcc8-978f-409e-8b71-9e374ae7f93d',
                                             'to': ['default-domain',
                                                    'ctest-TestFlowScale-13123181',
                                                    'neutron_fwaas=3a3f005f-bc70-4145-8083-127300113485'],
                                             'uuid': '156cbcc8-978f-409e-8b71-9e374ae7f93d'}],
                               'uuid': '060a4fc3-192c-43de-acdc-968c8ef4ac18',
                               'virtual_machine_interface_bindings': {'key_value_pair': [{'key': 'host_id',
                                                                                          'value': 'nodem10'},
                                                                                         {'key': 'vnic_type',
                                                                                          'value': 'normal'}]},
                               'virtual_machine_interface_device_owner': 'compute:nova',
                               'virtual_machine_interface_mac_addresses': {'mac_address': ['02:06:0a:4f:c3:19']},
                               'virtual_machine_refs': [{'attr': None,
                                                         'href': 'http://10.204.216.103:8082/virtual-machine/5e0c9a16-4486-4c06-b09e-75d39bc03c27',
                                                         'to': ['5e0c9a16-4486-4c06-b09e-75d39bc03c27'],
                                                         'uuid': '5e0c9a16-4486-4c06-b09e-75d39bc03c27'}],
                               'virtual_network_refs': [{'attr': None,
                                                         'href': 'http://10.204.216.103:8082/virtual-network/56f3054b-2f52-42a5-b4c2-7a01e3236202',
                                                         'to': ['default-domain',
                                                                'ctest-TestFlowScale-13123181',
                                                                'ctest-vn-76895040'],
                                                         'uuid': '56f3054b-2f52-42a5-b4c2-7a01e3236202'}]}}
2021-03-23 11:53:48,406 - DEBUG - Requesting: http://10.204.216.99:8085/Snh_PageReq?x=begin:-1,end:-1,table:db.interface.0,uuid:060a4fc3-192c-43de-acdc-968c8ef4ac18
2021-03-24 11:25:13,143 - DEBUG - Requesting: http://10.204.216.103:8082/virtual-machine/ecab4cbe-c110-4807-b415-aae117cee87e
2021-03-24 11:25:13,569 - DEBUG - Requesting: http://10.204.216.103:8082/virtual-machine/ecab4cbe-c110-4807-b415-aae117cee87e
2021-03-24 11:25:13,649 - DEBUG - {'virtual-machine': {'display_name': 'ecab4cbe-c110-4807-b415-aae117cee87e',
                     'fq_name': ['ecab4cbe-c110-4807-b415-aae117cee87e'],
                     'href': 'http://10.204.216.103:8082/virtual-machine/ecab4cbe-c110-4807-b415-aae117cee87e',
                     'id_perms': {'created': '2021-03-24T11:25:06.722339',
                                  'creator': None,
                                  'description': None,
                                  'enable': True,
                                  'last_modified': '2021-03-24T11:25:06.722339',
                                  'permissions': {'group': 'cloud-admin-group',
                                                  'group_access': 7,
                                                  'other_access': 7,
                                                  'owner': 'cloud-admin',
                                                  'owner_access': 7},
                                  'user_visible': True,
                                  'uuid': {'uuid_lslong': 12976465785081751678,
                                           'uuid_mslong': 17053808796135081991}},
                     'name': 'ecab4cbe-c110-4807-b415-aae117cee87e',
                     'perms2': {'global_access': 0,
                                'owner': '9e74b1a8-bba0-4561-9428-4ea11a019e88',
                                'owner_access': 7,
                                'share': []},
                     'server_type': 'virtual-server',
                     'uuid': 'ecab4cbe-c110-4807-b415-aae117cee87e',
                     'virtual_machine_interface_back_refs': [{'attr': None,
                                                              'href': 'http://10.204.216.103:8082/virtual-machine-interface/6f082c0f-6638-46d2-aadb-22aea1e17c7f',
                                                              'to': ['default-domain',
                                                                     'ctest-TestFlowScale-00385305',
                                                                     '6f082c0f-6638-46d2-aadb-22aea1e17c7f'],
                                                              'uuid': '6f082c0f-6638-46d2-aadb-22aea1e17c7f'}]}}
2021-03-24 11:25:13,649 - DEBUG - Requesting: http://10.204.216.103:8082/virtual-machine-interface/6f082c0f-6638-46d2-aadb-22aea1e17c7f
2021-03-24 11:25:13,663 - DEBUG - {'virtual-machine-interface': {'display_name': '6f082c0f-6638-46d2-aadb-22aea1e17c7f',
                               'fq_name': ['default-domain',
                                           'ctest-TestFlowScale-00385305',
                                           '6f082c0f-6638-46d2-aadb-22aea1e17c7f'],
                               'href': 'http://10.204.216.103:8082/virtual-machine-interface/6f082c0f-6638-46d2-aadb-22aea1e17c7f',
                               'id_perms': {'created': '2021-03-24T11:25:06.745759',
                                            'creator': None,
                                            'description': '',
                                            'enable': True,
                                            'last_modified': '2021-03-24T11:25:08.778370',
                                            'permissions': {'group': 'reader',
                                                            'group_access': 7,
                                                            'other_access': 7,
                                                            'owner': 'ctest-TestFlowScale-00385305',
                                                            'owner_access': 7},
                                            'user_visible': True,
                                            'uuid': {'uuid_lslong': 12311472139782945919,
                                                     'uuid_mslong': 8000693182674781906}},
                               'instance_ip_back_refs': [{'attr': None,
                                                          'href': 'http://10.204.216.103:8082/instance-ip/fca7ed3d-6092-4211-bedf-122786e5f01e',
                                                          'to': ['fca7ed3d-6092-4211-bedf-122786e5f01e'],
                                                          'uuid': 'fca7ed3d-6092-4211-bedf-122786e5f01e'}],
                               'name': '6f082c0f-6638-46d2-aadb-22aea1e17c7f',
                               'parent_href': 'http://10.204.216.103:8082/project/9e74b1a8-bba0-4561-9428-4ea11a019e88',
                               'parent_type': 'project',
                               'parent_uuid': '9e74b1a8-bba0-4561-9428-4ea11a019e88',
                               'perms2': {'global_access': 0,
                                          'owner': '9e74b1a8bba0456194284ea11a019e88',
                                          'owner_access': 7,
                                          'share': []},
                               'port_security_enabled': True,
                               'routing_instance_refs': [{'attr': {'direction': 'both',
                                                                   'dst_mac': None,
                                                                   'ipv6_service_chain_address': None,
                                                                   'mpls_label': None,
                                                                   'protocol': None,
                                                                   'service_chain_address': None,
                                                                   'src_mac': None,
                                                                   'vlan_tag': None},
                                                          'href': 'http://10.204.216.103:8082/routing-instance/ea4ec36f-42c2-4db1-af68-e7a060d9d1e4',
                                                          'to': ['default-domain',
                                                                 'ctest-TestFlowScale-00385305',
                                                                 'ctest-vn-14694003',
                                                                 'ctest-vn-14694003'],
                                                          'uuid': 'ea4ec36f-42c2-4db1-af68-e7a060d9d1e4'}],
                               'security_group_refs': [{'attr': None,
                                                        'href': 'http://10.204.216.103:8082/security-group/16cccd2c-2171-4e8c-8c49-2fd9a2c29f33',
                                                        'to': ['default-domain',
                                                               'ctest-TestFlowScale-00385305',
                                                               'default'],
                                                        'uuid': '16cccd2c-2171-4e8c-8c49-2fd9a2c29f33'}],
                               'tag_refs': [{'attr': None,
                                             'href': 'http://10.204.216.103:8082/tag/70d476d8-fa1f-4675-bc95-deb20d48b70b',
                                             'to': ['default-domain',
                                                    'ctest-TestFlowScale-00385305',
                                                    'neutron_fwaas=593dfef9-3552-4775-a765-fd14083f9f7a'],
                                             'uuid': '70d476d8-fa1f-4675-bc95-deb20d48b70b'}],
                               'uuid': '6f082c0f-6638-46d2-aadb-22aea1e17c7f',
                               'virtual_machine_interface_bindings': {'key_value_pair': [{'key': 'host_id',
                                                                                          'value': 'nodem10'},
                                                                                         {'key': 'vnic_type',
                                                                                          'value': 'normal'}]},
                               'virtual_machine_interface_device_owner': 'compute:nova',
                               'virtual_machine_interface_mac_addresses': {'mac_address': ['02:6f:08:2c:0f:66']},
                               'virtual_machine_refs': [{'attr': None,
                                                         'href': 'http://10.204.216.103:8082/virtual-machine/ecab4cbe-c110-4807-b415-aae117cee87e',
                                                         'to': ['ecab4cbe-c110-4807-b415-aae117cee87e'],
                                                         'uuid': 'ecab4cbe-c110-4807-b415-aae117cee87e'}],
                               'virtual_network_refs': [{'attr': None,
                                                         'href': 'http://10.204.216.103:8082/virtual-network/712f769c-cc88-4e4e-bf89-e39d0740859c',
                                                         'to': ['default-domain',
                                                                'ctest-TestFlowScale-00385305',
                                                                'ctest-vn-14694003'],
                                                         'uuid': '712f769c-cc88-4e4e-bf89-e39d0740859c'}]}}
2021-03-24 11:25:13,663 - DEBUG - Requesting: http://None:8085/Snh_PageReq?x=begin:-1,end:-1,table:db.interface.0,uuid:6f082c0f-6638-46d2-aadb-22aea1e17c7f
