2020-12-09 02:43:34,695 - INFO - create pod successful in default namespace
2020-12-09 02:43:35,859 - INFO - create deployment successful in default namespace
2020-12-09 02:43:37,110 - INFO - create service successful in default namespace
2020-12-09 02:43:38,236 - INFO - create namespace successful in default namespace
2020-12-09 02:43:39,363 - INFO - create network_attachment_definition successful in default namespace
2020-12-09 02:43:40,482 - INFO - create network_policy successful in default namespace
2020-12-09 02:43:41,623 - INFO - create ingress successful in default namespace
2020-12-09 02:43:42,693 - INFO - create daemonset successful in default namespace
2020-12-09 02:43:49,529 - INFO - delete pod successful in default namespace
2020-12-09 02:43:50,361 - INFO - delete deployment successful in default namespace
2020-12-09 02:43:51,390 - INFO - delete service successful in default namespace
2020-12-09 02:43:57,758 - INFO - delete namespace successful in default namespace
2020-12-09 02:43:58,648 - INFO - delete network_attachment_definition successful in default namespace
2020-12-09 02:43:59,639 - INFO - delete network_policy successful in default namespace
2020-12-09 02:44:00,693 - INFO - delete ingress successful in default namespace
2020-12-09 02:44:01,615 - INFO - delete daemonset successful in default namespace
2020-12-09 02:45:12,227 - INFO - create pod successful in default namespace
2020-12-09 02:45:13,424 - INFO - create deployment successful in default namespace
2020-12-09 02:45:14,716 - INFO - create service successful in default namespace
2020-12-09 02:45:15,935 - INFO - create namespace successful in default namespace
2020-12-09 02:45:17,220 - INFO - create network_attachment_definition successful in default namespace
2020-12-09 02:45:19,076 - INFO - create network_policy successful in default namespace
2020-12-09 02:45:20,189 - INFO - create ingress successful in default namespace
2020-12-09 02:45:21,276 - INFO - create daemonset successful in default namespace
2020-12-09 02:45:28,933 - INFO - delete pod successful in default namespace
2020-12-09 02:45:29,813 - INFO - delete deployment successful in default namespace
2020-12-09 02:45:30,975 - INFO - delete service successful in default namespace
2020-12-09 02:45:37,472 - INFO - delete namespace successful in default namespace
2020-12-09 02:45:38,352 - INFO - delete network_attachment_definition successful in default namespace
2020-12-09 02:45:39,357 - INFO - delete network_policy successful in default namespace
2020-12-09 02:45:40,210 - INFO - delete ingress successful in default namespace
2020-12-09 02:45:41,064 - INFO - delete daemonset successful in default namespace
2020-12-09 02:46:12,607 - WARNING - create pod forbidden
2020-12-09 02:46:13,677 - INFO - create deployment successful in default namespace
2020-12-09 02:46:14,874 - WARNING - create service forbidden
2020-12-09 02:46:16,115 - WARNING - create namespace forbidden
2020-12-09 02:46:17,224 - WARNING - create network_attachment_definition forbidden
2020-12-09 02:46:18,316 - WARNING - create network_policy forbidden
2020-12-09 02:46:19,444 - WARNING - create ingress forbidden
2020-12-09 02:46:20,568 - WARNING - create daemonset forbidden
2020-12-09 02:46:21,454 - WARNING - delete pod forbidden
2020-12-09 02:46:22,493 - INFO - delete deployment successful in default namespace
2020-12-09 02:46:23,453 - WARNING - delete service forbidden
2020-12-09 02:46:24,548 - WARNING - delete namespace forbidden
2020-12-09 02:46:25,418 - WARNING - delete network_attachment_definition forbidden
2020-12-09 02:46:26,361 - WARNING - delete network_policy forbidden
2020-12-09 02:46:27,224 - WARNING - delete ingress forbidden
2020-12-09 02:46:28,109 - WARNING - delete daemonset forbidden
2020-12-09 02:46:59,765 - INFO - create pod successful in default namespace
2020-12-09 02:47:00,946 - WARNING - create deployment forbidden
2020-12-09 02:47:02,175 - WARNING - create service forbidden
2020-12-09 02:47:03,354 - WARNING - create namespace forbidden
2020-12-09 02:47:04,420 - WARNING - create network_attachment_definition forbidden
2020-12-09 02:47:05,475 - WARNING - create network_policy forbidden
2020-12-09 02:47:06,794 - WARNING - create ingress forbidden
2020-12-09 02:47:07,902 - WARNING - create daemonset forbidden
2020-12-09 02:47:12,247 - INFO - delete pod successful in default namespace
2020-12-09 02:47:13,128 - WARNING - delete deployment forbidden
2020-12-09 02:47:13,978 - WARNING - delete service forbidden
2020-12-09 02:47:14,895 - WARNING - delete namespace forbidden
2020-12-09 02:47:15,786 - WARNING - delete network_attachment_definition forbidden
2020-12-09 02:47:16,999 - WARNING - delete network_policy forbidden
2020-12-09 02:47:17,895 - WARNING - delete ingress forbidden
2020-12-09 02:47:18,773 - WARNING - delete daemonset forbidden
2020-12-10 22:31:49,837 - INFO - create pod successful in default namespace
2020-12-10 22:31:51,009 - INFO - create deployment successful in default namespace
2020-12-10 22:31:52,169 - WARNING - create service forbidden
2020-12-10 22:31:53,243 - WARNING - create namespace forbidden
2020-12-10 22:31:54,895 - WARNING - create network_attachment_definition forbidden
2020-12-10 22:31:56,135 - WARNING - create network_policy forbidden
2020-12-10 22:31:57,105 - WARNING - create ingress forbidden
2020-12-10 22:31:58,824 - WARNING - create daemonset forbidden
2020-12-10 22:31:59,774 - WARNING - delete pod forbidden
2020-12-10 22:32:00,574 - WARNING - delete deployment forbidden
2020-12-10 22:32:01,387 - WARNING - delete service forbidden
2020-12-10 22:32:02,127 - WARNING - delete namespace forbidden
2020-12-10 22:32:02,976 - WARNING - delete network_attachment_definition forbidden
2020-12-10 22:32:03,821 - WARNING - delete network_policy forbidden
2020-12-10 22:32:04,569 - WARNING - delete ingress forbidden
2020-12-10 22:32:05,448 - WARNING - delete daemonset forbidden
2020-12-10 22:32:07,813 - WARNING - create pod forbidden
2020-12-10 22:32:08,889 - WARNING - create deployment forbidden
2020-12-10 22:32:09,934 - WARNING - create service forbidden
2020-12-10 22:32:11,036 - WARNING - create namespace forbidden
2020-12-10 22:32:12,204 - WARNING - create network_attachment_definition forbidden
2020-12-10 22:32:13,274 - WARNING - create network_policy forbidden
2020-12-10 22:32:14,439 - WARNING - create ingress forbidden
2020-12-10 22:32:15,506 - WARNING - create daemonset forbidden
2020-12-10 22:32:16,332 - INFO - delete pod successful in default namespace
2020-12-10 22:32:17,178 - INFO - delete deployment successful in default namespace
2020-12-10 22:32:18,008 - WARNING - delete service forbidden
2020-12-10 22:32:18,844 - WARNING - delete namespace forbidden
2020-12-10 22:32:19,592 - WARNING - delete network_attachment_definition forbidden
2020-12-10 22:32:20,449 - WARNING - delete network_policy forbidden
2020-12-10 22:32:21,286 - WARNING - delete ingress forbidden
2020-12-10 22:32:22,111 - WARNING - delete daemonset forbidden
2020-12-10 22:32:24,385 - WARNING - create pod forbidden
2020-12-10 22:32:25,589 - WARNING - create deployment forbidden
2020-12-10 22:32:26,667 - WARNING - create service forbidden
2020-12-10 22:32:27,816 - WARNING - create namespace forbidden
2020-12-10 22:32:28,889 - WARNING - create network_attachment_definition forbidden
2020-12-10 22:32:29,948 - WARNING - create network_policy forbidden
2020-12-10 22:32:31,001 - WARNING - create ingress forbidden
2020-12-10 22:32:32,158 - WARNING - create daemonset forbidden
2020-12-10 22:32:33,000 - WARNING - delete pod forbidden
2020-12-10 22:32:33,854 - WARNING - delete deployment forbidden
2020-12-10 22:32:34,718 - WARNING - delete service forbidden
2020-12-10 22:32:35,569 - WARNING - delete namespace forbidden
2020-12-10 22:32:36,383 - WARNING - delete network_attachment_definition forbidden
2020-12-10 22:32:37,101 - WARNING - delete network_policy forbidden
2020-12-10 22:32:37,923 - WARNING - delete ingress forbidden
2020-12-10 22:32:38,825 - WARNING - delete daemonset forbidden
2020-12-10 22:32:40,025 - INFO - create pod successful in easy namespace
2020-12-10 22:32:41,173 - INFO - create deployment successful in easy namespace
2020-12-10 22:32:42,295 - INFO - create service successful in easy namespace
2020-12-10 22:32:43,445 - WARNING - create namespace forbidden
2020-12-10 22:32:44,777 - WARNING - create network_attachment_definition forbidden
2020-12-10 22:32:45,863 - WARNING - create network_policy forbidden
2020-12-10 22:32:46,952 - WARNING - create ingress forbidden
2020-12-10 22:32:48,838 - WARNING - create daemonset forbidden
2020-12-10 22:32:54,837 - INFO - delete pod successful in easy namespace
2020-12-10 22:32:55,777 - INFO - delete deployment successful in easy namespace
2020-12-10 22:32:56,854 - INFO - delete service successful in easy namespace
2020-12-10 22:32:57,680 - WARNING - delete namespace forbidden
2020-12-10 22:32:58,511 - WARNING - delete network_attachment_definition forbidden
2020-12-10 22:32:59,425 - WARNING - delete network_policy forbidden
2020-12-10 22:33:00,236 - WARNING - delete ingress forbidden
2020-12-10 22:33:01,084 - WARNING - delete daemonset forbidden
2020-12-10 22:33:03,378 - WARNING - create pod forbidden
2020-12-10 22:33:04,496 - WARNING - create deployment forbidden
2020-12-10 22:33:05,685 - WARNING - create service forbidden
2020-12-10 22:33:06,664 - WARNING - create namespace forbidden
2020-12-10 22:33:07,735 - WARNING - create network_attachment_definition forbidden
2020-12-10 22:33:08,813 - WARNING - create network_policy forbidden
2020-12-10 22:33:09,890 - WARNING - create ingress forbidden
2020-12-10 22:33:11,073 - WARNING - create daemonset forbidden
2020-12-10 22:33:12,060 - WARNING - delete pod forbidden
2020-12-10 22:33:13,116 - WARNING - delete deployment forbidden
2020-12-10 22:33:14,008 - WARNING - delete service forbidden
2020-12-10 22:33:14,894 - WARNING - delete namespace forbidden
2020-12-10 22:33:15,873 - WARNING - delete network_attachment_definition forbidden
2020-12-10 22:33:17,484 - WARNING - delete network_policy forbidden
2020-12-10 22:33:18,375 - WARNING - delete ingress forbidden
2020-12-10 22:33:19,115 - WARNING - delete daemonset forbidden
2020-12-10 22:33:20,219 - WARNING - create pod forbidden
2020-12-10 22:33:21,316 - WARNING - create deployment forbidden
2020-12-10 22:33:22,443 - INFO - create service successful in zomsrc namespace
2020-12-10 22:33:23,638 - WARNING - create namespace forbidden
2020-12-10 22:33:24,829 - WARNING - create network_attachment_definition forbidden
2020-12-10 22:33:25,867 - WARNING - create network_policy forbidden
2020-12-10 22:33:27,190 - WARNING - create ingress forbidden
2020-12-10 22:33:28,280 - WARNING - create daemonset forbidden
2020-12-10 22:33:28,999 - WARNING - delete pod forbidden
2020-12-10 22:33:29,841 - WARNING - delete deployment forbidden
2020-12-10 22:33:30,700 - INFO - delete service successful in zomsrc namespace
2020-12-10 22:33:31,499 - WARNING - delete namespace forbidden
2020-12-10 22:33:32,384 - WARNING - delete network_attachment_definition forbidden
2020-12-10 22:33:33,251 - WARNING - delete network_policy forbidden
2020-12-10 22:33:34,101 - WARNING - delete ingress forbidden
2020-12-10 22:33:34,857 - WARNING - delete daemonset forbidden
2020-12-10 23:34:57,432 - INFO - create pod successful in default namespace
2020-12-10 23:34:58,482 - INFO - create deployment successful in default namespace
2020-12-10 23:34:59,536 - WARNING - create service forbidden
2020-12-10 23:35:00,636 - WARNING - create namespace forbidden
2020-12-10 23:35:02,048 - WARNING - create network_attachment_definition forbidden
2020-12-10 23:35:03,114 - WARNING - create network_policy forbidden
2020-12-10 23:35:04,181 - WARNING - create ingress forbidden
2020-12-10 23:35:05,235 - WARNING - create daemonset forbidden
2020-12-10 23:35:06,073 - WARNING - delete pod forbidden
2020-12-10 23:35:07,093 - WARNING - delete deployment forbidden
2020-12-10 23:35:08,020 - WARNING - delete service forbidden
2020-12-10 23:35:08,894 - WARNING - delete namespace forbidden
2020-12-10 23:35:09,864 - WARNING - delete network_attachment_definition forbidden
2020-12-10 23:35:10,807 - WARNING - delete network_policy forbidden
2020-12-10 23:35:11,700 - WARNING - delete ingress forbidden
2020-12-10 23:35:12,547 - WARNING - delete daemonset forbidden
2020-12-10 23:35:14,760 - WARNING - create pod forbidden
2020-12-10 23:35:15,840 - WARNING - create deployment forbidden
2020-12-10 23:35:16,899 - WARNING - create service forbidden
2020-12-10 23:35:17,956 - WARNING - create namespace forbidden
2020-12-10 23:35:19,048 - WARNING - create network_attachment_definition forbidden
2020-12-10 23:35:20,112 - WARNING - create network_policy forbidden
2020-12-10 23:35:21,228 - WARNING - create ingress forbidden
2020-12-10 23:35:22,271 - WARNING - create daemonset forbidden
2020-12-10 23:35:23,171 - INFO - delete pod successful in default namespace
2020-12-10 23:35:24,049 - INFO - delete deployment successful in default namespace
2020-12-10 23:35:24,902 - WARNING - delete service forbidden
2020-12-10 23:35:25,773 - WARNING - delete namespace forbidden
2020-12-10 23:35:26,608 - WARNING - delete network_attachment_definition forbidden
2020-12-10 23:35:27,814 - WARNING - delete network_policy forbidden
2020-12-10 23:35:28,683 - WARNING - delete ingress forbidden
2020-12-10 23:35:29,517 - WARNING - delete daemonset forbidden
2020-12-10 23:35:31,718 - WARNING - create pod forbidden
2020-12-10 23:35:32,798 - WARNING - create deployment forbidden
2020-12-10 23:35:33,906 - WARNING - create service forbidden
2020-12-10 23:35:35,054 - WARNING - create namespace forbidden
2020-12-10 23:35:36,118 - WARNING - create network_attachment_definition forbidden
2020-12-10 23:35:37,186 - WARNING - create network_policy forbidden
2020-12-10 23:35:38,340 - WARNING - create ingress forbidden
2020-12-10 23:35:39,442 - WARNING - create daemonset forbidden
2020-12-10 23:35:40,292 - WARNING - delete pod forbidden
2020-12-10 23:35:41,227 - WARNING - delete deployment forbidden
2020-12-10 23:35:42,096 - WARNING - delete service forbidden
2020-12-10 23:35:43,205 - WARNING - delete namespace forbidden
2020-12-10 23:35:44,052 - WARNING - delete network_attachment_definition forbidden
2020-12-10 23:35:44,948 - WARNING - delete network_policy forbidden
2020-12-10 23:35:45,800 - WARNING - delete ingress forbidden
2020-12-10 23:35:46,653 - WARNING - delete daemonset forbidden
2020-12-10 23:35:47,862 - INFO - create pod successful in easy namespace
2020-12-10 23:35:48,938 - INFO - create deployment successful in easy namespace
2020-12-10 23:35:50,129 - INFO - create service successful in easy namespace
2020-12-10 23:35:51,241 - WARNING - create namespace forbidden
2020-12-10 23:35:52,289 - WARNING - create network_attachment_definition forbidden
2020-12-10 23:35:53,614 - WARNING - create network_policy forbidden
2020-12-10 23:35:54,660 - WARNING - create ingress forbidden
2020-12-10 23:35:55,716 - WARNING - create daemonset forbidden
2020-12-10 23:36:00,419 - INFO - delete pod successful in easy namespace
2020-12-10 23:36:01,286 - INFO - delete deployment successful in easy namespace
2020-12-10 23:36:02,284 - INFO - delete service successful in easy namespace
2020-12-10 23:36:03,482 - WARNING - delete namespace forbidden
2020-12-10 23:36:04,341 - WARNING - delete network_attachment_definition forbidden
2020-12-10 23:36:05,124 - WARNING - delete network_policy forbidden
2020-12-10 23:36:06,095 - WARNING - delete ingress forbidden
2020-12-10 23:36:06,916 - WARNING - delete daemonset forbidden
2020-12-10 23:36:09,249 - WARNING - create pod forbidden
2020-12-10 23:36:10,317 - WARNING - create deployment forbidden
2020-12-10 23:36:11,397 - WARNING - create service forbidden
2020-12-10 23:36:12,487 - WARNING - create namespace forbidden
2020-12-10 23:36:13,565 - WARNING - create network_attachment_definition forbidden
2020-12-10 23:36:14,823 - WARNING - create network_policy forbidden
2020-12-10 23:36:15,926 - WARNING - create ingress forbidden
2020-12-10 23:36:17,030 - WARNING - create daemonset forbidden
2020-12-10 23:36:17,899 - WARNING - delete pod forbidden
2020-12-10 23:36:18,783 - WARNING - delete deployment forbidden
2020-12-10 23:36:19,624 - WARNING - delete service forbidden
2020-12-10 23:36:20,553 - WARNING - delete namespace forbidden
2020-12-10 23:36:21,403 - WARNING - delete network_attachment_definition forbidden
2020-12-10 23:36:22,141 - WARNING - delete network_policy forbidden
2020-12-10 23:36:22,994 - WARNING - delete ingress forbidden
2020-12-10 23:36:23,847 - WARNING - delete daemonset forbidden
2020-12-10 23:36:24,936 - WARNING - create pod forbidden
2020-12-10 23:36:26,025 - WARNING - create deployment forbidden
2020-12-10 23:36:27,256 - INFO - create service successful in zomsrc namespace
2020-12-10 23:36:28,437 - WARNING - create namespace forbidden
2020-12-10 23:36:30,135 - WARNING - create network_attachment_definition forbidden
2020-12-10 23:36:31,229 - WARNING - create network_policy forbidden
2020-12-10 23:36:32,326 - WARNING - create ingress forbidden
2020-12-10 23:36:33,405 - WARNING - create daemonset forbidden
2020-12-10 23:36:34,250 - WARNING - delete pod forbidden
2020-12-10 23:36:35,161 - WARNING - delete deployment forbidden
2020-12-10 23:36:36,072 - INFO - delete service successful in zomsrc namespace
2020-12-10 23:36:36,933 - WARNING - delete namespace forbidden
2020-12-10 23:36:37,793 - WARNING - delete network_attachment_definition forbidden
2020-12-10 23:36:38,647 - WARNING - delete network_policy forbidden
2020-12-10 23:36:39,489 - WARNING - delete ingress forbidden
2020-12-10 23:36:40,318 - WARNING - delete daemonset forbidden
2021-01-11 11:09:55,920 - INFO - create pod successful in default namespace
2021-01-11 11:09:57,067 - INFO - create deployment successful in default namespace
2021-01-11 11:54:33,068 - INFO - create deployment successful in default namespace
2021-01-11 11:59:19,818 - INFO - create pod successful in default namespace
2021-01-11 11:59:26,320 - INFO - create deployment successful in default namespace
2021-01-11 11:59:58,670 - INFO - create service successful in default namespace
2021-01-11 12:00:28,745 - INFO - create namespace successful in default namespace
2021-01-11 12:00:46,992 - INFO - create network_attachment_definition successful in default namespace
2021-01-11 12:01:05,932 - INFO - create network_policy successful in default namespace
2021-01-11 12:13:00,067 - INFO - create pod successful in default namespace
2021-01-11 12:13:02,016 - INFO - create deployment successful in default namespace
2021-01-11 12:13:04,611 - INFO - create service successful in default namespace
2021-01-11 12:13:11,888 - INFO - create namespace successful in default namespace
2021-01-11 12:13:13,925 - INFO - create network_attachment_definition successful in default namespace
2021-01-11 12:13:15,941 - INFO - create network_policy successful in default namespace
2021-01-11 12:15:07,560 - INFO - create ingress successful in default namespace
2021-01-11 12:17:30,598 - INFO - create pod successful in default namespace
2021-01-11 12:17:32,641 - INFO - create deployment successful in default namespace
2021-01-11 12:17:35,281 - INFO - create service successful in default namespace
2021-01-11 12:17:42,536 - INFO - create namespace successful in default namespace
2021-01-11 12:17:44,505 - INFO - create network_attachment_definition successful in default namespace
2021-01-11 12:17:46,603 - INFO - create network_policy successful in default namespace
2021-01-11 12:19:56,250 - INFO - create ingress successful in default namespace
2021-01-11 12:19:59,299 - INFO - create daemonset successful in default namespace
2021-01-11 12:20:39,538 - INFO - delete pod successful in default namespace
2021-01-11 12:20:40,089 - INFO - delete deployment successful in default namespace
2021-01-12 05:59:10,752 - INFO - create pod successful in default namespace
2021-01-12 05:59:11,504 - INFO - create deployment successful in default namespace
2021-01-12 06:11:39,862 - INFO - create pod successful in default namespace
2021-01-12 06:11:41,836 - INFO - create deployment successful in default namespace
2021-01-12 07:03:09,670 - INFO - create pod successful in default namespace
2021-01-12 07:03:11,768 - INFO - create deployment successful in default namespace
2021-01-12 07:09:48,477 - INFO - create pod successful in default namespace
2021-01-12 07:09:50,468 - INFO - create deployment successful in default namespace
2021-01-12 07:10:51,261 - INFO - create service successful in default namespace
2021-01-12 07:10:58,656 - INFO - create namespace successful in default namespace
2021-01-12 07:11:00,742 - INFO - create network_attachment_definition successful in default namespace
2021-01-12 07:11:02,683 - INFO - create network_policy successful in default namespace
2021-01-12 07:11:04,624 - INFO - create ingress successful in default namespace
2021-01-12 07:11:06,534 - INFO - create daemonset successful in default namespace
2021-01-12 07:11:47,867 - INFO - delete pod successful in default namespace
2021-01-12 07:11:48,572 - INFO - delete deployment successful in default namespace
2021-01-12 07:18:09,443 - ERROR - Error while pod create
2021-01-12 07:18:41,163 - ERROR - Error while deployment create
2021-01-12 07:19:15,742 - ERROR - Error while service create
2021-01-12 07:19:47,461 - ERROR - Error while namespace create
2021-01-12 07:20:19,259 - ERROR - Error while network_attachment_definition create
2021-01-12 07:20:51,113 - ERROR - Error while network_policy create
2021-01-12 07:21:23,288 - ERROR - Error while ingress create
2021-01-12 07:21:55,007 - ERROR - Error while daemonset create
2021-01-12 07:22:26,790 - ERROR - Error while pod delete
2021-01-12 07:22:58,426 - ERROR - Error while deployment delete
2021-01-12 07:24:26,008 - ERROR - Error while service delete
2021-01-12 07:24:57,662 - ERROR - Error while namespace delete
2021-01-12 07:25:29,476 - ERROR - Error while network_attachment_definition delete
2021-01-12 07:26:01,180 - ERROR - Error while network_policy delete
2021-01-12 07:26:32,869 - ERROR - Error while ingress delete
2021-01-12 07:27:04,633 - ERROR - Error while daemonset delete
2021-01-12 07:28:51,666 - ERROR - Error while pod create
2021-01-12 07:29:23,489 - ERROR - Error while deployment create
