2020-11-11 19:12:58,457 - INFO - Applying policy file: /root/nuthanc-tf-test/tcutils/kubernetes/auth/templates/auth_policy.yaml
2020-11-11 19:13:03,727 - INFO - Waiting for policy to update in ConfigMap
2020-11-11 19:13:25,962 - INFO - Policy updated in ConfigMap
2020-11-11 19:13:55,685 - INFO - Applying policy file: /root/nuthanc-tf-test/tcutils/kubernetes/auth/templates/auth_policy.yaml
2020-11-11 19:13:57,979 - INFO - Waiting for policy to update in ConfigMap
2020-11-11 19:14:25,825 - INFO - Policy updated in ConfigMap
2020-11-11 19:18:12,903 - INFO - Applying policy file: /root/nuthanc-tf-test/tcutils/kubernetes/auth/templates/auth_policy.yaml
2020-11-11 19:18:15,523 - INFO - Waiting for policy to update in ConfigMap
2020-11-11 19:18:20,528 - INFO - Policy updated in ConfigMap
2020-11-11 19:19:20,988 - INFO - Applying policy file: /root/nuthanc-tf-test/tcutils/kubernetes/auth/templates/auth_policy.yaml
2020-11-11 19:19:23,283 - INFO - Waiting for policy to update in ConfigMap
2020-11-11 19:19:28,289 - INFO - Policy updated in ConfigMap
2020-11-11 19:20:16,166 - INFO - Applying policy file: /root/nuthanc-tf-test/tcutils/kubernetes/auth/templates/auth_policy.yaml
2020-11-11 19:20:18,657 - INFO - Waiting for policy to update in ConfigMap
2020-11-11 19:21:10,487 - INFO - Policy updated in ConfigMap
2020-11-11 19:25:59,476 - INFO - Applying policy file: /root/nuthanc-tf-test/tcutils/kubernetes/auth/templates/auth_policy.yaml
2020-11-11 19:26:01,752 - INFO - Waiting for policy to update in ConfigMap
2020-11-11 19:26:27,561 - INFO - Policy updated in ConfigMap
2020-11-11 19:28:34,955 - INFO - Applying policy file: /root/nuthanc-tf-test/tcutils/kubernetes/auth/templates/auth_policy.yaml
2020-11-11 19:28:37,312 - INFO - Waiting for policy to update in ConfigMap
2020-11-11 19:29:02,449 - INFO - Policy updated in ConfigMap
2020-11-11 19:41:56,542 - INFO - Applying policy file: /root/nuthanc-tf-test/tcutils/kubernetes/auth/templates/auth_policy.yaml
2020-11-11 19:41:58,802 - INFO - Waiting for policy to update in ConfigMap
2020-11-11 19:42:03,808 - INFO - Policy updated in ConfigMap
2020-11-11 19:42:59,696 - INFO - Applying policy file: /root/nuthanc-tf-test/tcutils/kubernetes/auth/templates/auth_policy.yaml
2020-11-11 19:43:02,042 - INFO - Waiting for policy to update in ConfigMap
2020-11-11 19:43:33,150 - INFO - Policy updated in ConfigMap
2020-11-11 19:58:12,178 - INFO - Applying policy file: /root/nuthanc-tf-test/tcutils/kubernetes/auth/templates/auth_policy.yaml
2020-11-11 19:58:16,474 - INFO - Waiting for policy to update in ConfigMap
2020-11-11 19:58:39,521 - INFO - Policy updated in ConfigMap
2020-11-11 19:59:08,210 - INFO - Applying policy file: /root/nuthanc-tf-test/tcutils/kubernetes/auth/templates/auth_policy.yaml
2020-11-11 19:59:08,848 - INFO - Waiting for policy to update in ConfigMap
2020-11-11 20:00:08,205 - INFO - Policy updated in ConfigMap
2020-11-11 20:00:51,950 - INFO - Applying policy file: /root/nuthanc-tf-test/tcutils/kubernetes/auth/templates/auth_policy.yaml
2020-11-11 20:00:52,607 - INFO - Waiting for policy to update in ConfigMap
2020-11-11 20:01:23,610 - INFO - Policy updated in ConfigMap
2020-11-11 20:02:19,454 - INFO - Applying policy file: /root/nuthanc-tf-test/tcutils/kubernetes/auth/templates/auth_policy.yaml
2020-11-11 20:02:19,983 - INFO - Waiting for policy to update in ConfigMap
2020-11-11 20:02:24,989 - INFO - Policy updated in ConfigMap
2020-11-11 20:12:46,312 - INFO - Applying policy file: /root/nuthanc-tf-test/tcutils/kubernetes/auth/templates/auth_policy.yaml
2020-11-11 20:15:06,359 - INFO - Waiting for policy to update in ConfigMap
2020-11-11 20:15:18,095 - INFO - Policy updated in ConfigMap
2020-11-11 20:29:29,701 - INFO - Applying policy file: /root/nuthanc-tf-test/tcutils/kubernetes/auth/templates/auth_policy.yaml
2020-11-11 20:30:07,314 - INFO - Waiting for policy to update in ConfigMap
2020-11-11 20:30:53,125 - INFO - Policy updated in ConfigMap
2020-11-11 20:36:10,343 - INFO - Applying policy file: /root/nuthanc-tf-test/tcutils/kubernetes/auth/templates/auth_policy.yaml
2020-11-11 20:36:35,452 - INFO - Waiting for policy to update in ConfigMap
2020-11-11 20:36:51,413 - INFO - Policy updated in ConfigMap
2020-11-11 20:40:32,394 - INFO - Applying policy file: /root/nuthanc-tf-test/tcutils/kubernetes/auth/templates/auth_policy.yaml
2020-11-11 20:40:32,873 - INFO - b'Switched to context "juju-context".\n'
2020-11-11 20:40:33,054 - INFO - Waiting for policy to update in ConfigMap
2020-11-11 20:40:59,684 - INFO - Policy updated in ConfigMap
2020-11-11 20:41:32,082 - INFO - Applying policy file: /root/nuthanc-tf-test/tcutils/kubernetes/auth/templates/auth_policy.yaml
2020-11-11 20:41:32,622 - INFO - Switched to context "juju-context".

2020-11-11 20:41:32,783 - INFO - Waiting for policy to update in ConfigMap
2020-11-11 20:41:59,488 - INFO - Policy updated in ConfigMap
