2021-02-18 10:13:44,313 - INFO - Domain 'userD_domain' created
2021-02-18 10:13:44,499 - INFO - Project 'userD_project' created
2021-02-18 10:13:45,051 - INFO - User 'userD' created
2021-02-18 10:13:45,399 - INFO - User 'userD' assigned 'Member' role
2021-02-18 10:13:45,603 - INFO - Domain 'userA_domain' created
2021-02-18 10:13:45,775 - INFO - Project 'userA_project' created
2021-02-18 10:13:46,511 - INFO - User 'userA' created
2021-02-18 10:13:46,955 - INFO - User 'userA' assigned 'Member' role
2021-02-18 10:13:47,074 - INFO - Domain 'userB_domain' created
2021-02-18 10:13:47,253 - INFO - Project 'userB_project' created
2021-02-18 10:13:47,888 - INFO - User 'userB' created
2021-02-18 10:13:48,237 - INFO - User 'userB' assigned 'Member' role
2021-02-18 10:13:48,356 - INFO - Domain 'userC_domain' created
2021-02-18 10:13:48,564 - INFO - Project 'userC_project' created
2021-02-18 10:13:49,093 - INFO - User 'userC' created
2021-02-18 10:13:49,409 - INFO - User 'userC' assigned 'Member' role
2021-02-18 10:13:49,872 - INFO - Applying policy file: /var/tmp/templates/all_in_one_policy.yaml
2021-02-18 10:13:51,194 - INFO - Waiting for policy to update in ConfigMap
2021-02-18 10:13:56,195 - INFO - Policy updated in ConfigMap
2021-02-18 10:14:08,095 - INFO - create pod successful in default namespace
2021-02-18 10:14:09,542 - INFO - create deployment successful in default namespace
2021-02-18 10:14:11,044 - WARNING - create service forbidden
2021-02-18 10:14:12,451 - WARNING - create namespace forbidden
2021-02-18 10:14:14,038 - WARNING - create network_attachment_definition forbidden
2021-02-18 10:14:15,562 - WARNING - create network_policy forbidden
2021-02-18 10:14:16,979 - WARNING - create ingress forbidden
2021-02-18 10:14:18,370 - WARNING - create daemonset forbidden
2021-02-18 10:14:19,559 - WARNING - delete pod forbidden
2021-02-18 10:14:20,605 - WARNING - delete deployment forbidden
2021-02-18 10:14:21,770 - WARNING - delete service forbidden
2021-02-18 10:14:23,109 - WARNING - delete namespace forbidden
2021-02-18 10:14:24,258 - WARNING - delete network_attachment_definition forbidden
2021-02-18 10:14:25,420 - WARNING - delete network_policy forbidden
2021-02-18 10:14:27,082 - WARNING - delete ingress forbidden
2021-02-18 10:14:28,238 - WARNING - delete daemonset forbidden
2021-02-18 10:14:34,716 - WARNING - create pod forbidden
2021-02-18 10:14:36,117 - WARNING - create deployment forbidden
2021-02-18 10:14:37,623 - WARNING - create service forbidden
2021-02-18 10:14:39,000 - WARNING - create namespace forbidden
2021-02-18 10:14:40,316 - WARNING - create network_attachment_definition forbidden
2021-02-18 10:14:41,690 - WARNING - create network_policy forbidden
2021-02-18 10:14:43,070 - WARNING - create ingress forbidden
2021-02-18 10:14:44,437 - WARNING - create daemonset forbidden
2021-02-18 10:14:45,576 - INFO - delete pod successful in default namespace
2021-02-18 10:14:46,705 - INFO - delete deployment successful in default namespace
2021-02-18 10:14:47,848 - WARNING - delete service forbidden
2021-02-18 10:14:49,011 - WARNING - delete namespace forbidden
2021-02-18 10:14:50,184 - WARNING - delete network_attachment_definition forbidden
2021-02-18 10:14:51,354 - WARNING - delete network_policy forbidden
2021-02-18 10:14:52,450 - WARNING - delete ingress forbidden
2021-02-18 10:14:53,616 - WARNING - delete daemonset forbidden
2021-02-18 10:15:04,997 - WARNING - create pod forbidden
2021-02-18 10:15:06,400 - WARNING - create deployment forbidden
2021-02-18 10:15:08,030 - WARNING - create service forbidden
2021-02-18 10:15:09,402 - WARNING - create namespace forbidden
2021-02-18 10:15:10,738 - WARNING - create network_attachment_definition forbidden
2021-02-18 10:15:12,131 - WARNING - create network_policy forbidden
2021-02-18 10:15:13,558 - WARNING - create ingress forbidden
2021-02-18 10:15:14,949 - WARNING - create daemonset forbidden
2021-02-18 10:15:16,083 - WARNING - delete pod forbidden
2021-02-18 10:15:17,303 - WARNING - delete deployment forbidden
2021-02-18 10:15:18,606 - WARNING - delete service forbidden
2021-02-18 10:15:19,792 - WARNING - delete namespace forbidden
2021-02-18 10:15:21,012 - WARNING - delete network_attachment_definition forbidden
2021-02-18 10:15:22,250 - WARNING - delete network_policy forbidden
2021-02-18 10:15:23,432 - WARNING - delete ingress forbidden
2021-02-18 10:15:24,627 - WARNING - delete daemonset forbidden
2021-02-18 10:15:27,135 - INFO - create pod successful in easy namespace
2021-02-18 10:15:28,583 - INFO - create deployment successful in easy namespace
2021-02-18 10:15:30,119 - INFO - create service successful in easy namespace
2021-02-18 10:15:31,638 - WARNING - create namespace forbidden
2021-02-18 10:15:33,047 - WARNING - create network_attachment_definition forbidden
2021-02-18 10:15:34,451 - WARNING - create network_policy forbidden
2021-02-18 10:15:37,058 - WARNING - create ingress forbidden
2021-02-18 10:15:38,411 - WARNING - create daemonset forbidden
2021-02-18 10:15:48,531 - INFO - delete pod successful in easy namespace
2021-02-18 10:15:49,755 - INFO - delete deployment successful in easy namespace
2021-02-18 10:15:51,063 - INFO - delete service successful in easy namespace
2021-02-18 10:15:52,391 - WARNING - delete namespace forbidden
2021-02-18 10:15:53,599 - WARNING - delete network_attachment_definition forbidden
2021-02-18 10:15:54,795 - WARNING - delete network_policy forbidden
2021-02-18 10:15:56,000 - WARNING - delete ingress forbidden
2021-02-18 10:15:57,111 - WARNING - delete daemonset forbidden
2021-02-18 10:16:10,588 - WARNING - create service forbidden
2021-02-18 10:16:12,002 - WARNING - create pod forbidden
2021-02-18 10:16:13,343 - WARNING - create deployment forbidden
2021-02-18 10:16:14,836 - WARNING - create namespace forbidden
2021-02-18 10:16:16,256 - WARNING - create network_attachment_definition forbidden
2021-02-18 10:16:17,787 - WARNING - create network_policy forbidden
2021-02-18 10:16:19,215 - WARNING - create ingress forbidden
2021-02-18 10:16:20,698 - WARNING - create daemonset forbidden
2021-02-18 10:16:21,853 - WARNING - delete service forbidden
2021-02-18 10:16:23,091 - WARNING - delete pod forbidden
2021-02-18 10:16:24,236 - WARNING - delete deployment forbidden
2021-02-18 10:16:25,408 - WARNING - delete namespace forbidden
2021-02-18 10:16:26,588 - WARNING - delete network_attachment_definition forbidden
2021-02-18 10:16:27,761 - WARNING - delete network_policy forbidden
2021-02-18 10:16:28,935 - WARNING - delete ingress forbidden
2021-02-18 10:16:30,193 - WARNING - delete daemonset forbidden
2021-02-18 10:16:32,689 - INFO - create service successful in zomsrc namespace
2021-02-18 10:16:34,148 - WARNING - create pod forbidden
2021-02-18 10:16:35,610 - WARNING - create deployment forbidden
2021-02-18 10:16:37,036 - WARNING - create namespace forbidden
2021-02-18 10:16:38,555 - WARNING - create network_attachment_definition forbidden
2021-02-18 10:16:40,203 - WARNING - create network_policy forbidden
2021-02-18 10:16:41,603 - WARNING - create ingress forbidden
2021-02-18 10:16:43,049 - WARNING - create daemonset forbidden
2021-02-18 10:16:44,374 - INFO - delete service successful in zomsrc namespace
2021-02-18 10:16:45,567 - WARNING - delete pod forbidden
2021-02-18 10:16:46,809 - WARNING - delete deployment forbidden
2021-02-18 10:16:47,966 - WARNING - delete namespace forbidden
2021-02-18 10:16:49,125 - WARNING - delete network_attachment_definition forbidden
2021-02-18 10:16:50,306 - WARNING - delete network_policy forbidden
2021-02-18 10:16:51,869 - WARNING - delete ingress forbidden
2021-02-18 10:16:53,133 - WARNING - delete daemonset forbidden
2021-02-18 10:16:56,370 - INFO - User 'userD' deleted
2021-02-18 10:16:56,912 - INFO - Project 'userD_project' deleted
2021-02-18 10:16:57,139 - INFO - Domain 'userD_domain' deleted
2021-02-18 10:16:58,418 - INFO - User 'userA' deleted
2021-02-18 10:16:58,937 - INFO - Project 'userA_project' deleted
2021-02-18 10:16:59,205 - INFO - Domain 'userA_domain' deleted
2021-02-18 10:17:00,598 - INFO - User 'userB' deleted
2021-02-18 10:17:00,996 - INFO - Project 'userB_project' deleted
2021-02-18 10:17:01,256 - INFO - Domain 'userB_domain' deleted
2021-02-18 10:17:02,404 - INFO - User 'userC' deleted
2021-02-18 10:17:02,841 - INFO - Project 'userC_project' deleted
2021-02-18 10:17:03,082 - INFO - Domain 'userC_domain' deleted
2021-02-18 10:24:55,501 - INFO - Domain 'userD_domain' created
2021-02-18 10:24:55,659 - INFO - Project 'userD_project' created
2021-02-18 10:24:56,319 - INFO - User 'userD' created
2021-02-18 10:24:56,651 - INFO - User 'userD' assigned 'Member' role
2021-02-18 10:24:56,790 - INFO - Domain 'userA_domain' created
2021-02-18 10:24:56,957 - INFO - Project 'userA_project' created
2021-02-18 10:24:57,608 - INFO - User 'userA' created
2021-02-18 10:24:58,514 - INFO - User 'userA' assigned 'Member' role
2021-02-18 10:24:58,624 - INFO - Domain 'userB_domain' created
2021-02-18 10:24:58,823 - INFO - Project 'userB_project' created
2021-02-18 10:24:59,374 - INFO - User 'userB' created
2021-02-18 10:24:59,800 - INFO - User 'userB' assigned 'Member' role
2021-02-18 10:24:59,910 - INFO - Domain 'userC_domain' created
2021-02-18 10:25:00,086 - INFO - Project 'userC_project' created
2021-02-18 10:25:00,639 - INFO - User 'userC' created
2021-02-18 10:25:00,985 - INFO - User 'userC' assigned 'Member' role
2021-02-18 10:25:04,492 - INFO - Applying policy file: /var/tmp/templates/all_in_one_policy.yaml
2021-02-18 10:25:05,796 - INFO - Waiting for policy to update in ConfigMap
2021-02-18 10:25:10,797 - INFO - Policy updated in ConfigMap
2021-02-18 10:25:24,714 - INFO - create pod successful in default namespace
2021-02-18 10:25:26,128 - INFO - create deployment successful in default namespace
2021-02-18 10:25:27,538 - WARNING - create service forbidden
2021-02-18 10:25:29,080 - WARNING - create namespace forbidden
2021-02-18 10:25:30,435 - WARNING - create network_attachment_definition forbidden
2021-02-18 10:25:31,863 - WARNING - create network_policy forbidden
2021-02-18 10:25:33,341 - WARNING - create ingress forbidden
2021-02-18 10:25:34,904 - WARNING - create daemonset forbidden
2021-02-18 10:25:36,093 - WARNING - delete pod forbidden
2021-02-18 10:25:37,298 - WARNING - delete deployment forbidden
2021-02-18 10:25:38,529 - WARNING - delete service forbidden
2021-02-18 10:25:39,753 - WARNING - delete namespace forbidden
2021-02-18 10:25:40,882 - WARNING - delete network_attachment_definition forbidden
2021-02-18 10:25:42,099 - WARNING - delete network_policy forbidden
2021-02-18 10:25:43,273 - WARNING - delete ingress forbidden
2021-02-18 10:25:44,810 - WARNING - delete daemonset forbidden
2021-02-18 10:25:58,095 - WARNING - create pod forbidden
2021-02-18 10:25:59,470 - WARNING - create deployment forbidden
2021-02-18 10:26:00,851 - WARNING - create service forbidden
2021-02-18 10:26:02,263 - WARNING - create namespace forbidden
2021-02-18 10:26:03,659 - WARNING - create network_attachment_definition forbidden
2021-02-18 10:26:05,480 - WARNING - create network_policy forbidden
2021-02-18 10:26:06,879 - WARNING - create ingress forbidden
2021-02-18 10:26:08,284 - WARNING - create daemonset forbidden
2021-02-18 10:26:09,391 - INFO - delete pod successful in default namespace
2021-02-18 10:26:10,636 - INFO - delete deployment successful in default namespace
2021-02-18 10:26:11,832 - WARNING - delete service forbidden
2021-02-18 10:26:13,051 - WARNING - delete namespace forbidden
2021-02-18 10:26:14,204 - WARNING - delete network_attachment_definition forbidden
2021-02-18 10:26:15,380 - WARNING - delete network_policy forbidden
2021-02-18 10:26:16,591 - WARNING - delete ingress forbidden
2021-02-18 10:26:17,766 - WARNING - delete daemonset forbidden
2021-02-18 10:26:23,128 - WARNING - create pod forbidden
2021-02-18 10:26:24,553 - WARNING - create deployment forbidden
2021-02-18 10:26:26,050 - WARNING - create service forbidden
2021-02-18 10:26:27,476 - WARNING - create namespace forbidden
2021-02-18 10:26:28,868 - WARNING - create network_attachment_definition forbidden
2021-02-18 10:26:30,402 - WARNING - create network_policy forbidden
2021-02-18 10:26:31,758 - WARNING - create ingress forbidden
2021-02-18 10:26:33,171 - WARNING - create daemonset forbidden
2021-02-18 10:26:34,363 - WARNING - delete pod forbidden
2021-02-18 10:26:35,563 - WARNING - delete deployment forbidden
2021-02-18 10:26:36,742 - WARNING - delete service forbidden
2021-02-18 10:26:37,900 - WARNING - delete namespace forbidden
2021-02-18 10:26:39,084 - WARNING - delete network_attachment_definition forbidden
2021-02-18 10:26:40,249 - WARNING - delete network_policy forbidden
2021-02-18 10:26:41,395 - WARNING - delete ingress forbidden
2021-02-18 10:26:42,530 - WARNING - delete daemonset forbidden
2021-02-18 10:26:54,075 - INFO - create pod successful in easy namespace
2021-02-18 10:26:56,430 - INFO - create deployment successful in easy namespace
2021-02-18 10:26:57,915 - INFO - create service successful in easy namespace
2021-02-18 10:26:59,380 - WARNING - create namespace forbidden
2021-02-18 10:27:00,785 - WARNING - create network_attachment_definition forbidden
2021-02-18 10:27:02,538 - WARNING - create network_policy forbidden
2021-02-18 10:27:03,791 - WARNING - create ingress forbidden
2021-02-18 10:27:05,290 - WARNING - create daemonset forbidden
2021-02-18 10:27:41,124 - INFO - delete pod successful in easy namespace
2021-02-18 10:27:42,209 - INFO - delete deployment successful in easy namespace
2021-02-18 10:27:43,648 - INFO - delete service successful in easy namespace
2021-02-18 10:27:44,791 - WARNING - delete namespace forbidden
2021-02-18 10:27:46,012 - WARNING - delete network_attachment_definition forbidden
2021-02-18 10:27:47,308 - WARNING - delete network_policy forbidden
2021-02-18 10:27:48,492 - WARNING - delete ingress forbidden
2021-02-18 10:27:49,703 - WARNING - delete daemonset forbidden
2021-02-18 10:27:55,063 - WARNING - create service forbidden
2021-02-18 10:27:56,506 - WARNING - create pod forbidden
2021-02-18 10:27:58,214 - WARNING - create deployment forbidden
2021-02-18 10:27:59,635 - WARNING - create namespace forbidden
2021-02-18 10:28:01,042 - WARNING - create network_attachment_definition forbidden
2021-02-18 10:28:02,604 - WARNING - create network_policy forbidden
2021-02-18 10:28:03,971 - WARNING - create ingress forbidden
2021-02-18 10:28:05,392 - WARNING - create daemonset forbidden
2021-02-18 10:28:06,568 - WARNING - delete service forbidden
2021-02-18 10:28:07,885 - WARNING - delete pod forbidden
2021-02-18 10:28:08,955 - WARNING - delete deployment forbidden
2021-02-18 10:28:10,104 - WARNING - delete namespace forbidden
2021-02-18 10:28:11,291 - WARNING - delete network_attachment_definition forbidden
2021-02-18 10:28:12,419 - WARNING - delete network_policy forbidden
2021-02-18 10:28:13,579 - WARNING - delete ingress forbidden
2021-02-18 10:28:14,784 - WARNING - delete daemonset forbidden
2021-02-18 10:28:21,142 - INFO - create service successful in zomsrc namespace
2021-02-18 10:28:22,586 - WARNING - create pod forbidden
2021-02-18 10:28:24,067 - WARNING - create deployment forbidden
2021-02-18 10:28:25,812 - WARNING - create namespace forbidden
2021-02-18 10:28:27,269 - WARNING - create network_attachment_definition forbidden
2021-02-18 10:28:28,663 - WARNING - create network_policy forbidden
2021-02-18 10:28:30,035 - WARNING - create ingress forbidden
2021-02-18 10:28:31,504 - WARNING - create daemonset forbidden
2021-02-18 10:28:32,785 - INFO - delete service successful in zomsrc namespace
2021-02-18 10:28:33,979 - WARNING - delete pod forbidden
2021-02-18 10:28:35,351 - WARNING - delete deployment forbidden
2021-02-18 10:28:36,561 - WARNING - delete namespace forbidden
2021-02-18 10:28:37,758 - WARNING - delete network_attachment_definition forbidden
2021-02-18 10:28:38,972 - WARNING - delete network_policy forbidden
2021-02-18 10:28:40,239 - WARNING - delete ingress forbidden
2021-02-18 10:28:41,395 - WARNING - delete daemonset forbidden
2021-02-18 10:28:43,454 - INFO - User 'userD' deleted
2021-02-18 10:28:43,879 - INFO - Project 'userD_project' deleted
2021-02-18 10:28:44,118 - INFO - Domain 'userD_domain' deleted
2021-02-18 10:28:45,249 - INFO - User 'userA' deleted
2021-02-18 10:28:45,803 - INFO - Project 'userA_project' deleted
2021-02-18 10:28:46,122 - INFO - Domain 'userA_domain' deleted
2021-02-18 10:28:47,329 - INFO - User 'userB' deleted
2021-02-18 10:28:47,806 - INFO - Project 'userB_project' deleted
2021-02-18 10:28:48,027 - INFO - Domain 'userB_domain' deleted
2021-02-18 10:28:49,085 - INFO - User 'userC' deleted
2021-02-18 10:28:49,476 - INFO - Project 'userC_project' deleted
2021-02-18 10:28:49,746 - INFO - Domain 'userC_domain' deleted
2021-02-18 10:28:53,483 - INFO - Applying policy file: /var/tmp/templates/auth_policy.yaml
2021-02-18 10:28:54,859 - INFO - Waiting for policy to update in ConfigMap
2021-02-18 10:57:41,008 - INFO - Domain 'test_domain' created
2021-02-18 10:57:41,172 - INFO - Project 'test_project' created
2021-02-18 10:57:41,848 - INFO - User 'test' created
2021-02-18 10:57:43,168 - INFO - User 'test' assigned 'Member' role
2021-02-18 10:57:43,259 - INFO - Applying policy file: /var/tmp/templates/auth_policy.yaml
2021-02-18 10:57:44,555 - INFO - Waiting for policy to update in ConfigMap
