2021-02-19 05:09:59,016 - INFO - Applying policy file: /var/tmp/templates/auth_policy.yaml
2021-02-19 05:10:03,486 - INFO - Waiting for policy to update in ConfigMap
2021-02-19 05:22:33,123 - INFO - Duplicate Domain, not creating
2021-02-19 05:22:33,256 - INFO - Duplicate Project, not creating
2021-02-19 05:22:33,883 - INFO - Duplicate User, not creating
2021-02-19 05:22:34,167 - INFO - User 'test' assigned 'Member' role
2021-02-19 05:22:40,492 - INFO - Duplicate Domain, not creating
2021-02-19 05:22:40,668 - INFO - Duplicate Project, not creating
2021-02-19 05:22:41,469 - INFO - User '14946042' created
2021-02-19 05:22:41,825 - INFO - User '14946042' assigned 'Member' role
2021-02-19 05:22:46,504 - INFO - User '14946042' deleted
2021-02-19 05:22:48,129 - INFO - Duplicate Domain, not creating
2021-02-19 05:22:48,254 - INFO - Duplicate Project, not creating
2021-02-19 05:22:48,803 - INFO - User '14450109' created
2021-02-19 05:22:49,201 - INFO - User '14450109' assigned 'Member' role
2021-02-19 05:22:53,854 - INFO - User '14450109' deleted
2021-02-19 05:28:28,910 - INFO - Applying policy file: /var/tmp/templates/auth_policy.yaml
2021-02-19 05:28:30,194 - INFO - Waiting for policy to update in ConfigMap
2021-02-19 05:32:23,159 - INFO - Applying policy file: /var/tmp/templates/auth_policy.yaml
2021-02-19 05:32:24,525 - INFO - Waiting for policy to update in ConfigMap
2021-02-19 05:32:53,564 - INFO - Policy updated in ConfigMap
2021-02-19 05:33:00,794 - INFO - create pod successful in default namespace
2021-02-19 05:33:02,223 - INFO - create deployment successful in default namespace
2021-02-19 05:33:04,272 - INFO - create service successful in default namespace
2021-02-19 05:33:05,727 - INFO - create namespace successful in default namespace
2021-02-19 05:33:07,130 - INFO - create network_attachment_definition successful in default namespace
2021-02-19 05:33:08,556 - INFO - create network_policy successful in default namespace
2021-02-19 05:33:10,038 - INFO - create ingress successful in default namespace
2021-02-19 05:33:11,489 - INFO - create daemonset successful in default namespace
2021-02-19 05:33:18,255 - INFO - delete pod successful in default namespace
2021-02-19 05:33:19,498 - INFO - delete deployment successful in default namespace
2021-02-19 05:33:20,797 - INFO - delete service successful in default namespace
2021-02-19 05:33:27,394 - INFO - delete namespace successful in default namespace
2021-02-19 05:33:28,583 - INFO - delete network_attachment_definition successful in default namespace
2021-02-19 05:33:29,835 - INFO - delete network_policy successful in default namespace
2021-02-19 05:33:31,099 - INFO - delete ingress successful in default namespace
2021-02-19 05:33:32,344 - INFO - delete daemonset successful in default namespace
2021-02-19 05:33:38,349 - INFO - Duplicate Domain, not creating
2021-02-19 05:33:38,496 - INFO - Duplicate Project, not creating
2021-02-19 05:33:39,007 - INFO - Duplicate User, not creating
2021-02-19 05:33:39,287 - INFO - User 'test' assigned 'Member' role
2021-02-19 05:33:40,396 - INFO - Applying policy file: /var/tmp/templates/auth_policy.yaml
2021-02-19 05:33:41,758 - INFO - Waiting for policy to update in ConfigMap
2021-02-19 05:34:29,568 - INFO - Policy updated in ConfigMap
2021-02-19 05:34:37,818 - INFO - create pod successful in default namespace
2021-02-19 05:34:39,254 - INFO - create deployment successful in default namespace
2021-02-19 05:34:40,819 - INFO - create service successful in default namespace
2021-02-19 05:34:42,220 - INFO - create namespace successful in default namespace
2021-02-19 05:34:43,653 - INFO - create network_attachment_definition successful in default namespace
2021-02-19 05:34:45,153 - INFO - create network_policy successful in default namespace
2021-02-19 05:34:46,620 - INFO - create ingress successful in default namespace
2021-02-19 05:34:48,116 - INFO - create daemonset successful in default namespace
2021-02-19 05:34:52,535 - INFO - delete pod successful in default namespace
2021-02-19 05:34:53,755 - INFO - delete deployment successful in default namespace
2021-02-19 05:34:55,026 - INFO - delete service successful in default namespace
2021-02-19 05:35:01,536 - INFO - delete namespace successful in default namespace
2021-02-19 05:35:02,834 - INFO - delete network_attachment_definition successful in default namespace
2021-02-19 05:35:04,078 - INFO - delete network_policy successful in default namespace
2021-02-19 05:35:05,353 - INFO - delete ingress successful in default namespace
2021-02-19 05:35:06,553 - INFO - delete daemonset successful in default namespace
2021-02-19 05:35:11,899 - INFO - Duplicate Domain, not creating
2021-02-19 05:35:12,015 - INFO - Duplicate Project, not creating
2021-02-19 05:35:12,731 - INFO - User '75141588' created
2021-02-19 05:35:13,090 - INFO - User '75141588' assigned 'Member' role
2021-02-19 05:35:15,539 - INFO - Applying policy file: /var/tmp/templates/auth_policy.yaml
2021-02-19 05:35:16,926 - INFO - Waiting for policy to update in ConfigMap
2021-02-19 05:35:43,218 - INFO - Policy updated in ConfigMap
2021-02-19 05:35:48,507 - INFO - create deployment successful in default namespace
2021-02-19 05:35:49,932 - WARNING - create pod forbidden
2021-02-19 05:35:51,409 - WARNING - create service forbidden
2021-02-19 05:35:52,862 - WARNING - create namespace forbidden
2021-02-19 05:35:54,492 - WARNING - create network_attachment_definition forbidden
2021-02-19 05:35:55,910 - WARNING - create network_policy forbidden
2021-02-19 05:35:57,360 - WARNING - create ingress forbidden
2021-02-19 05:35:59,160 - WARNING - create daemonset forbidden
2021-02-19 05:36:00,366 - INFO - delete deployment successful in default namespace
2021-02-19 05:36:01,541 - WARNING - delete pod forbidden
2021-02-19 05:36:02,766 - WARNING - delete service forbidden
2021-02-19 05:36:03,937 - WARNING - delete namespace forbidden
2021-02-19 05:36:05,028 - WARNING - delete network_attachment_definition forbidden
2021-02-19 05:36:06,200 - WARNING - delete network_policy forbidden
2021-02-19 05:36:07,389 - WARNING - delete ingress forbidden
2021-02-19 05:36:08,538 - WARNING - delete daemonset forbidden
2021-02-19 05:36:11,987 - INFO - User '75141588' deleted
2021-02-19 05:36:13,512 - INFO - Duplicate Domain, not creating
2021-02-19 05:36:13,964 - INFO - Duplicate Project, not creating
2021-02-19 05:36:14,740 - INFO - User '12786753' created
2021-02-19 05:36:15,729 - INFO - User '12786753' assigned 'Member' role
2021-02-19 05:36:20,170 - INFO - Applying policy file: /var/tmp/templates/auth_policy.yaml
2021-02-19 05:36:21,595 - INFO - Waiting for policy to update in ConfigMap
2021-02-19 05:36:48,030 - INFO - Policy updated in ConfigMap
2021-02-19 05:36:56,434 - INFO - create pod successful in default namespace
2021-02-19 05:36:57,941 - WARNING - create deployment forbidden
2021-02-19 05:36:59,346 - WARNING - create service forbidden
2021-02-19 05:37:00,767 - WARNING - create namespace forbidden
2021-02-19 05:37:02,148 - WARNING - create network_attachment_definition forbidden
2021-02-19 05:37:03,538 - WARNING - create network_policy forbidden
2021-02-19 05:37:04,985 - WARNING - create ingress forbidden
2021-02-19 05:37:06,523 - WARNING - create daemonset forbidden
2021-02-19 05:37:18,257 - INFO - delete pod successful in default namespace
2021-02-19 05:37:19,419 - WARNING - delete deployment forbidden
2021-02-19 05:37:20,574 - WARNING - delete service forbidden
2021-02-19 05:37:21,736 - WARNING - delete namespace forbidden
2021-02-19 05:37:22,932 - WARNING - delete network_attachment_definition forbidden
2021-02-19 05:37:24,079 - WARNING - delete network_policy forbidden
2021-02-19 05:37:25,245 - WARNING - delete ingress forbidden
2021-02-19 05:37:26,473 - WARNING - delete daemonset forbidden
2021-02-19 05:37:30,282 - INFO - User '12786753' deleted
2021-02-19 05:41:35,086 - INFO - Applying policy file: /var/tmp/templates/auth_policy.yaml
2021-02-19 05:41:40,012 - INFO - Waiting for policy to update in ConfigMap
2021-02-19 05:42:09,783 - INFO - Policy updated in ConfigMap
2021-02-19 05:42:17,901 - INFO - create pod successful in default namespace
2021-02-19 05:42:19,307 - INFO - create deployment successful in default namespace
2021-02-19 05:42:20,820 - INFO - create service successful in default namespace
2021-02-19 05:42:22,252 - INFO - create namespace successful in default namespace
2021-02-19 05:42:23,865 - INFO - create network_attachment_definition successful in default namespace
2021-02-19 05:42:25,309 - INFO - create network_policy successful in default namespace
2021-02-19 05:42:26,748 - INFO - create ingress successful in default namespace
2021-02-19 05:42:28,144 - INFO - create daemonset successful in default namespace
2021-02-19 05:42:32,465 - INFO - delete pod successful in default namespace
2021-02-19 05:42:33,670 - INFO - delete deployment successful in default namespace
2021-02-19 05:42:34,973 - INFO - delete service successful in default namespace
2021-02-19 05:42:41,543 - INFO - delete namespace successful in default namespace
2021-02-19 05:42:43,428 - INFO - delete network_attachment_definition successful in default namespace
2021-02-19 05:42:44,666 - INFO - delete network_policy successful in default namespace
2021-02-19 05:42:45,850 - INFO - delete ingress successful in default namespace
2021-02-19 05:42:46,959 - INFO - delete daemonset successful in default namespace
2021-02-19 05:43:08,661 - INFO - Applying policy file: /var/tmp/templates/auth_policy.yaml
2021-02-19 05:43:09,952 - INFO - Waiting for policy to update in ConfigMap
2021-02-19 05:43:14,953 - INFO - Policy updated in ConfigMap
2021-02-19 05:43:21,002 - INFO - create pod successful in default namespace
2021-02-19 05:43:22,459 - INFO - create deployment successful in default namespace
2021-02-19 05:43:23,928 - INFO - create service successful in default namespace
2021-02-19 05:43:25,536 - INFO - create namespace successful in default namespace
2021-02-19 05:43:27,113 - INFO - create network_attachment_definition successful in default namespace
2021-02-19 05:43:28,521 - INFO - create network_policy successful in default namespace
2021-02-19 05:43:30,478 - INFO - create ingress successful in default namespace
2021-02-19 05:43:31,892 - INFO - create daemonset successful in default namespace
2021-02-19 05:43:36,681 - INFO - delete pod successful in default namespace
2021-02-19 05:43:37,896 - INFO - delete deployment successful in default namespace
2021-02-19 05:43:39,100 - INFO - delete service successful in default namespace
2021-02-19 05:43:45,625 - INFO - delete namespace successful in default namespace
2021-02-19 05:43:46,832 - INFO - delete network_attachment_definition successful in default namespace
2021-02-19 05:43:48,001 - INFO - delete network_policy successful in default namespace
2021-02-19 05:43:49,240 - INFO - delete ingress successful in default namespace
2021-02-19 05:43:50,552 - INFO - delete daemonset successful in default namespace
2021-02-19 05:44:04,739 - INFO - Applying policy file: /var/tmp/templates/auth_policy.yaml
2021-02-19 05:44:06,077 - INFO - Waiting for policy to update in ConfigMap
2021-02-19 05:44:11,078 - INFO - Policy updated in ConfigMap
2021-02-19 05:44:19,082 - INFO - create pod successful in default namespace
2021-02-19 05:44:20,536 - INFO - create deployment successful in default namespace
2021-02-19 05:44:22,300 - INFO - create service successful in default namespace
2021-02-19 05:44:23,760 - INFO - create namespace successful in default namespace
2021-02-19 05:44:25,138 - INFO - create network_attachment_definition successful in default namespace
2021-02-19 05:44:26,607 - INFO - create network_policy successful in default namespace
2021-02-19 05:44:28,104 - INFO - create ingress successful in default namespace
2021-02-19 05:44:29,536 - INFO - create daemonset successful in default namespace
2021-02-19 05:44:34,338 - INFO - delete pod successful in default namespace
2021-02-19 05:44:35,507 - INFO - delete deployment successful in default namespace
2021-02-19 05:44:36,857 - INFO - delete service successful in default namespace
2021-02-19 05:44:43,416 - INFO - delete namespace successful in default namespace
2021-02-19 05:44:44,657 - INFO - delete network_attachment_definition successful in default namespace
2021-02-19 05:44:45,853 - INFO - delete network_policy successful in default namespace
2021-02-19 05:44:47,058 - INFO - delete ingress successful in default namespace
2021-02-19 05:44:48,258 - INFO - delete daemonset successful in default namespace
2021-02-19 05:45:23,376 - INFO - Applying policy file: /var/tmp/templates/auth_policy.yaml
2021-02-19 05:45:24,643 - INFO - Waiting for policy to update in ConfigMap
2021-02-19 05:45:29,644 - INFO - Policy updated in ConfigMap
2021-02-19 05:45:41,648 - INFO - create pod successful in default namespace
2021-02-19 05:45:43,069 - INFO - create deployment successful in default namespace
2021-02-19 05:45:44,959 - INFO - create service successful in default namespace
2021-02-19 05:45:46,430 - INFO - create namespace successful in default namespace
2021-02-19 05:45:47,864 - INFO - create network_attachment_definition successful in default namespace
2021-02-19 05:45:49,441 - INFO - create network_policy successful in default namespace
2021-02-19 05:45:50,889 - INFO - create ingress successful in default namespace
2021-02-19 05:45:52,368 - INFO - create daemonset successful in default namespace
2021-02-19 05:45:56,995 - INFO - delete pod successful in default namespace
2021-02-19 05:45:58,260 - INFO - delete deployment successful in default namespace
2021-02-19 05:46:00,253 - INFO - delete service successful in default namespace
2021-02-19 05:46:06,673 - INFO - delete namespace successful in default namespace
2021-02-19 05:46:07,972 - INFO - delete network_attachment_definition successful in default namespace
2021-02-19 05:46:09,173 - INFO - delete network_policy successful in default namespace
2021-02-19 05:46:10,340 - INFO - delete ingress successful in default namespace
2021-02-19 05:46:11,541 - INFO - delete daemonset successful in default namespace
2021-02-19 05:46:15,618 - INFO - Duplicate Domain, not creating
2021-02-19 05:46:15,751 - INFO - Duplicate Project, not creating
2021-02-19 05:46:16,225 - INFO - Duplicate User, not creating
2021-02-19 05:46:16,493 - INFO - User 'test' assigned 'Member' role
2021-02-19 05:46:24,598 - INFO - Applying policy file: /var/tmp/templates/auth_policy.yaml
2021-02-19 05:46:25,979 - INFO - Waiting for policy to update in ConfigMap
2021-02-19 05:46:55,055 - INFO - Policy updated in ConfigMap
2021-02-19 05:46:58,277 - INFO - create pod successful in default namespace
2021-02-19 05:46:59,743 - INFO - create deployment successful in default namespace
2021-02-19 05:47:01,186 - INFO - create service successful in default namespace
2021-02-19 05:47:02,683 - INFO - create namespace successful in default namespace
2021-02-19 05:47:04,168 - INFO - create network_attachment_definition successful in default namespace
2021-02-19 05:47:05,696 - INFO - create network_policy successful in default namespace
2021-02-19 05:47:07,102 - INFO - create ingress successful in default namespace
2021-02-19 05:47:08,553 - INFO - create daemonset successful in default namespace
2021-02-19 05:47:14,184 - INFO - delete pod successful in default namespace
2021-02-19 05:47:15,374 - INFO - delete deployment successful in default namespace
2021-02-19 05:47:16,594 - INFO - delete service successful in default namespace
2021-02-19 05:47:23,313 - INFO - delete namespace successful in default namespace
2021-02-19 05:47:24,759 - INFO - delete network_attachment_definition successful in default namespace
2021-02-19 05:47:26,152 - INFO - delete network_policy successful in default namespace
2021-02-19 05:47:27,363 - INFO - delete ingress successful in default namespace
2021-02-19 05:47:28,546 - INFO - delete daemonset successful in default namespace
2021-02-19 05:47:54,123 - INFO - Applying policy file: /var/tmp/templates/auth_policy.yaml
2021-02-19 05:47:55,403 - INFO - Waiting for policy to update in ConfigMap
2021-02-19 05:48:00,404 - INFO - Policy updated in ConfigMap
2021-02-19 05:48:05,380 - INFO - create pod successful in default namespace
2021-02-19 05:48:06,740 - INFO - create deployment successful in default namespace
2021-02-19 05:48:08,257 - INFO - create service successful in default namespace
2021-02-19 05:48:09,650 - INFO - create namespace successful in default namespace
2021-02-19 05:48:11,233 - INFO - create network_attachment_definition successful in default namespace
2021-02-19 05:48:12,643 - INFO - create network_policy successful in default namespace
2021-02-19 05:48:14,105 - INFO - create ingress successful in default namespace
2021-02-19 05:48:15,501 - INFO - create daemonset successful in default namespace
2021-02-19 05:48:20,529 - INFO - delete pod successful in default namespace
2021-02-19 05:48:21,763 - INFO - delete deployment successful in default namespace
2021-02-19 05:48:23,096 - INFO - delete service successful in default namespace
2021-02-19 05:48:29,576 - INFO - delete namespace successful in default namespace
2021-02-19 05:48:30,899 - INFO - delete network_attachment_definition successful in default namespace
2021-02-19 05:48:32,142 - INFO - delete network_policy successful in default namespace
2021-02-19 05:48:33,409 - INFO - delete ingress successful in default namespace
2021-02-19 05:48:34,623 - INFO - delete daemonset successful in default namespace
2021-02-19 05:48:39,323 - INFO - Duplicate Domain, not creating
2021-02-19 05:48:39,799 - INFO - Duplicate Project, not creating
2021-02-19 05:48:40,363 - INFO - Duplicate User, not creating
2021-02-19 05:48:40,581 - INFO - User 'test' assigned 'Member' role
2021-02-19 05:48:43,686 - INFO - Applying policy file: /var/tmp/templates/auth_policy.yaml
2021-02-19 05:48:44,967 - INFO - Waiting for policy to update in ConfigMap
2021-02-19 05:48:49,968 - INFO - Policy updated in ConfigMap
2021-02-19 05:48:56,998 - INFO - create pod successful in default namespace
2021-02-19 05:48:58,446 - INFO - create deployment successful in default namespace
2021-02-19 05:48:59,887 - INFO - create service successful in default namespace
2021-02-19 05:49:01,271 - INFO - create namespace successful in default namespace
2021-02-19 05:49:02,703 - INFO - create network_attachment_definition successful in default namespace
2021-02-19 05:49:04,146 - INFO - create network_policy successful in default namespace
2021-02-19 05:49:05,668 - INFO - create ingress successful in default namespace
2021-02-19 05:49:07,149 - INFO - create daemonset successful in default namespace
2021-02-19 05:49:12,416 - INFO - delete pod successful in default namespace
2021-02-19 05:49:13,623 - INFO - delete deployment successful in default namespace
2021-02-19 05:49:14,907 - INFO - delete service successful in default namespace
2021-02-19 05:49:21,427 - INFO - delete namespace successful in default namespace
2021-02-19 05:49:22,635 - INFO - delete network_attachment_definition successful in default namespace
2021-02-19 05:49:23,858 - INFO - delete network_policy successful in default namespace
2021-02-19 05:49:25,141 - INFO - delete ingress successful in default namespace
2021-02-19 05:49:26,336 - INFO - delete daemonset successful in default namespace
2021-02-19 05:50:04,444 - INFO - Applying policy file: /var/tmp/templates/auth_policy.yaml
2021-02-19 05:50:05,809 - INFO - Waiting for policy to update in ConfigMap
2021-02-19 05:50:10,809 - INFO - Policy updated in ConfigMap
2021-02-19 05:50:19,752 - INFO - create pod successful in default namespace
2021-02-19 05:50:21,214 - INFO - create deployment successful in default namespace
2021-02-19 05:50:22,735 - INFO - create service successful in default namespace
2021-02-19 05:50:24,110 - INFO - create namespace successful in default namespace
2021-02-19 05:50:25,978 - INFO - create network_attachment_definition successful in default namespace
2021-02-19 05:50:27,395 - INFO - create network_policy successful in default namespace
2021-02-19 05:50:28,811 - INFO - create ingress successful in default namespace
2021-02-19 05:50:30,178 - INFO - create daemonset successful in default namespace
2021-02-19 05:50:36,121 - INFO - delete pod successful in default namespace
2021-02-19 05:50:37,588 - INFO - delete deployment successful in default namespace
2021-02-19 05:50:38,958 - INFO - delete service successful in default namespace
2021-02-19 05:50:45,502 - INFO - delete namespace successful in default namespace
2021-02-19 05:50:46,715 - INFO - delete network_attachment_definition successful in default namespace
2021-02-19 05:50:47,954 - INFO - delete network_policy successful in default namespace
2021-02-19 05:50:49,661 - INFO - delete ingress successful in default namespace
2021-02-19 05:50:51,317 - INFO - delete daemonset successful in default namespace
2021-02-19 05:50:54,729 - INFO - Duplicate Domain, not creating
2021-02-19 05:50:54,862 - INFO - Duplicate Project, not creating
2021-02-19 05:50:55,496 - INFO - User '07788512' created
2021-02-19 05:50:55,954 - INFO - User '07788512' assigned 'Member' role
2021-02-19 05:51:07,415 - INFO - Applying policy file: /var/tmp/templates/auth_policy.yaml
2021-02-19 05:51:08,841 - INFO - Waiting for policy to update in ConfigMap
2021-02-19 05:51:35,122 - INFO - Policy updated in ConfigMap
2021-02-19 05:51:48,563 - INFO - create pod successful in default namespace
2021-02-19 05:51:49,969 - WARNING - create deployment forbidden
2021-02-19 05:51:51,386 - WARNING - create service forbidden
2021-02-19 05:51:52,808 - WARNING - create namespace forbidden
2021-02-19 05:51:54,226 - WARNING - create network_attachment_definition forbidden
2021-02-19 05:51:55,601 - WARNING - create network_policy forbidden
2021-02-19 05:51:57,173 - WARNING - create ingress forbidden
2021-02-19 05:51:58,675 - WARNING - create daemonset forbidden
2021-02-19 05:52:08,252 - INFO - delete pod successful in default namespace
2021-02-19 05:52:09,427 - WARNING - delete deployment forbidden
2021-02-19 05:52:10,657 - WARNING - delete service forbidden
2021-02-19 05:52:11,844 - WARNING - delete namespace forbidden
2021-02-19 05:52:13,011 - WARNING - delete network_attachment_definition forbidden
2021-02-19 05:52:14,199 - WARNING - delete network_policy forbidden
2021-02-19 05:52:15,343 - WARNING - delete ingress forbidden
2021-02-19 05:52:16,426 - WARNING - delete daemonset forbidden
2021-02-19 05:52:41,023 - INFO - Applying policy file: /var/tmp/templates/auth_policy.yaml
2021-02-19 05:52:42,303 - INFO - Waiting for policy to update in ConfigMap
2021-02-19 05:52:47,305 - INFO - Policy updated in ConfigMap
2021-02-19 05:52:53,535 - INFO - create pod successful in default namespace
2021-02-19 05:52:54,965 - WARNING - create deployment forbidden
2021-02-19 05:52:56,452 - WARNING - create service forbidden
2021-02-19 05:52:57,874 - WARNING - create namespace forbidden
2021-02-19 05:52:59,491 - WARNING - create network_attachment_definition forbidden
2021-02-19 05:53:00,860 - WARNING - create network_policy forbidden
2021-02-19 05:53:02,298 - WARNING - create ingress forbidden
2021-02-19 05:53:03,700 - WARNING - create daemonset forbidden
2021-02-19 05:53:08,368 - INFO - delete pod successful in default namespace
2021-02-19 05:53:09,607 - WARNING - delete deployment forbidden
2021-02-19 05:53:10,694 - WARNING - delete service forbidden
2021-02-19 05:53:11,843 - WARNING - delete namespace forbidden
2021-02-19 05:53:13,100 - WARNING - delete network_attachment_definition forbidden
2021-02-19 05:53:14,649 - WARNING - delete network_policy forbidden
2021-02-19 05:53:15,827 - WARNING - delete ingress forbidden
2021-02-19 05:53:17,042 - WARNING - delete daemonset forbidden
2021-02-19 05:53:20,688 - INFO - User '07788512' deleted
2021-02-19 05:53:22,194 - INFO - Duplicate Domain, not creating
2021-02-19 05:53:22,310 - INFO - Duplicate Project, not creating
2021-02-19 05:53:22,918 - INFO - User '12836800' created
2021-02-19 05:53:23,410 - INFO - User '12836800' assigned 'Member' role
2021-02-19 05:53:34,896 - INFO - Applying policy file: /var/tmp/templates/auth_policy.yaml
2021-02-19 05:53:36,319 - INFO - Waiting for policy to update in ConfigMap
2021-02-19 05:54:05,282 - INFO - Policy updated in ConfigMap
2021-02-19 05:54:17,355 - INFO - create pod successful in default namespace
2021-02-19 05:54:18,772 - WARNING - create deployment forbidden
2021-02-19 05:54:20,359 - WARNING - create service forbidden
2021-02-19 05:54:21,767 - WARNING - create namespace forbidden
2021-02-19 05:54:23,167 - WARNING - create network_attachment_definition forbidden
2021-02-19 05:54:24,685 - WARNING - create network_policy forbidden
2021-02-19 05:54:26,076 - WARNING - create ingress forbidden
2021-02-19 05:54:27,654 - WARNING - create daemonset forbidden
2021-02-19 05:54:38,334 - INFO - delete pod successful in default namespace
2021-02-19 05:54:39,507 - WARNING - delete deployment forbidden
2021-02-19 05:54:40,661 - WARNING - delete service forbidden
2021-02-19 05:54:41,838 - WARNING - delete namespace forbidden
2021-02-19 05:54:43,088 - WARNING - delete network_attachment_definition forbidden
2021-02-19 05:54:44,330 - WARNING - delete network_policy forbidden
2021-02-19 05:54:45,490 - WARNING - delete ingress forbidden
2021-02-19 05:54:46,655 - WARNING - delete daemonset forbidden
2021-02-19 05:55:25,762 - INFO - Applying policy file: /var/tmp/templates/auth_policy.yaml
2021-02-19 05:55:27,042 - INFO - Waiting for policy to update in ConfigMap
2021-02-19 05:55:32,043 - INFO - Policy updated in ConfigMap
2021-02-19 05:55:42,061 - INFO - create pod successful in default namespace
2021-02-19 05:55:43,554 - WARNING - create deployment forbidden
2021-02-19 05:55:44,942 - WARNING - create service forbidden
2021-02-19 05:55:46,323 - WARNING - create namespace forbidden
2021-02-19 05:55:47,819 - WARNING - create network_attachment_definition forbidden
2021-02-19 05:55:49,184 - WARNING - create network_policy forbidden
2021-02-19 05:55:50,561 - WARNING - create ingress forbidden
2021-02-19 05:55:51,885 - WARNING - create daemonset forbidden
2021-02-19 05:55:58,404 - INFO - delete pod successful in default namespace
2021-02-19 05:55:59,537 - WARNING - delete deployment forbidden
2021-02-19 05:56:00,711 - WARNING - delete service forbidden
2021-02-19 05:56:01,905 - WARNING - delete namespace forbidden
2021-02-19 05:56:03,145 - WARNING - delete network_attachment_definition forbidden
2021-02-19 05:56:04,371 - WARNING - delete network_policy forbidden
2021-02-19 05:56:05,553 - WARNING - delete ingress forbidden
2021-02-19 05:56:06,721 - WARNING - delete daemonset forbidden
2021-02-19 05:56:10,654 - INFO - User '12836800' deleted
2021-02-19 06:12:17,300 - INFO - Applying policy file: /var/tmp/templates/auth_policy.yaml
2021-02-19 06:12:22,314 - INFO - Waiting for policy to update in ConfigMap
2021-02-19 06:12:46,263 - INFO - Policy updated in ConfigMap
2021-02-19 06:12:58,331 - INFO - create pod successful in default namespace
2021-02-19 06:12:59,755 - INFO - create deployment successful in default namespace
2021-02-19 06:13:01,196 - INFO - create service successful in default namespace
2021-02-19 06:13:02,626 - INFO - create namespace successful in default namespace
2021-02-19 06:13:04,045 - INFO - create network_attachment_definition successful in default namespace
2021-02-19 06:13:05,481 - INFO - create network_policy successful in default namespace
2021-02-19 06:13:06,886 - INFO - create ingress successful in default namespace
2021-02-19 06:13:08,752 - INFO - create daemonset successful in default namespace
2021-02-19 06:13:12,911 - INFO - delete pod successful in default namespace
2021-02-19 06:13:14,085 - INFO - delete deployment successful in default namespace
2021-02-19 06:13:15,374 - INFO - delete service successful in default namespace
2021-02-19 06:13:21,958 - INFO - delete namespace successful in default namespace
2021-02-19 06:13:23,152 - INFO - delete network_attachment_definition successful in default namespace
2021-02-19 06:13:24,350 - INFO - delete network_policy successful in default namespace
2021-02-19 06:13:25,581 - INFO - delete ingress successful in default namespace
2021-02-19 06:13:26,745 - INFO - delete daemonset successful in default namespace
2021-02-19 06:13:47,459 - INFO - Applying policy file: /var/tmp/templates/auth_policy.yaml
2021-02-19 06:13:48,719 - INFO - Waiting for policy to update in ConfigMap
2021-02-19 06:13:53,721 - INFO - Policy updated in ConfigMap
2021-02-19 06:14:05,823 - INFO - create pod successful in default namespace
2021-02-19 06:14:07,345 - INFO - create deployment successful in default namespace
2021-02-19 06:14:08,755 - INFO - create service successful in default namespace
2021-02-19 06:14:10,512 - INFO - create namespace successful in default namespace
2021-02-19 06:14:11,964 - INFO - create network_attachment_definition successful in default namespace
2021-02-19 06:14:13,369 - INFO - create network_policy successful in default namespace
2021-02-19 06:14:14,754 - INFO - create ingress successful in default namespace
2021-02-19 06:14:16,211 - INFO - create daemonset successful in default namespace
2021-02-19 06:14:20,289 - INFO - delete pod successful in default namespace
2021-02-19 06:14:21,503 - INFO - delete deployment successful in default namespace
2021-02-19 06:14:22,827 - INFO - delete service successful in default namespace
2021-02-19 06:14:29,401 - INFO - delete namespace successful in default namespace
2021-02-19 06:14:30,849 - INFO - delete network_attachment_definition successful in default namespace
2021-02-19 06:14:32,124 - INFO - delete network_policy successful in default namespace
2021-02-19 06:14:33,325 - INFO - delete ingress successful in default namespace
2021-02-19 06:14:34,546 - INFO - delete daemonset successful in default namespace
2021-02-19 06:14:48,704 - INFO - Applying policy file: /var/tmp/templates/auth_policy.yaml
2021-02-19 06:14:50,006 - INFO - Waiting for policy to update in ConfigMap
2021-02-19 06:14:55,007 - INFO - Policy updated in ConfigMap
2021-02-19 06:15:04,039 - INFO - create pod successful in default namespace
2021-02-19 06:15:05,552 - INFO - create deployment successful in default namespace
2021-02-19 06:15:07,112 - INFO - create service successful in default namespace
2021-02-19 06:15:08,527 - INFO - create namespace successful in default namespace
2021-02-19 06:15:10,373 - INFO - create network_attachment_definition successful in default namespace
2021-02-19 06:15:11,840 - INFO - create network_policy successful in default namespace
2021-02-19 06:15:13,309 - INFO - create ingress successful in default namespace
2021-02-19 06:15:14,786 - INFO - create daemonset successful in default namespace
2021-02-19 06:15:28,308 - INFO - delete pod successful in default namespace
2021-02-19 06:15:29,555 - INFO - delete deployment successful in default namespace
2021-02-19 06:15:30,915 - INFO - delete service successful in default namespace
2021-02-19 06:15:37,441 - INFO - delete namespace successful in default namespace
2021-02-19 06:15:39,169 - INFO - delete network_attachment_definition successful in default namespace
2021-02-19 06:15:40,385 - INFO - delete network_policy successful in default namespace
2021-02-19 06:15:41,594 - INFO - delete ingress successful in default namespace
2021-02-19 06:15:42,893 - INFO - delete daemonset successful in default namespace
2021-02-19 06:26:46,024 - INFO - Applying policy file: /var/tmp/templates/auth_policy.yaml
2021-02-19 06:26:51,202 - INFO - Waiting for policy to update in ConfigMap
2021-02-19 06:26:56,203 - INFO - Policy updated in ConfigMap
2021-02-19 06:27:04,313 - INFO - create pod successful in default namespace
2021-02-19 06:27:05,838 - INFO - create deployment successful in default namespace
2021-02-19 06:27:07,434 - INFO - create service successful in default namespace
2021-02-19 06:27:09,031 - INFO - create namespace successful in default namespace
2021-02-19 06:27:10,522 - INFO - create network_attachment_definition successful in default namespace
2021-02-19 06:27:11,986 - INFO - create network_policy successful in default namespace
2021-02-19 06:27:13,460 - INFO - create ingress successful in default namespace
2021-02-19 06:27:14,920 - INFO - create daemonset successful in default namespace
2021-02-19 06:27:19,462 - INFO - delete pod successful in default namespace
2021-02-19 06:27:20,760 - INFO - delete deployment successful in default namespace
2021-02-19 06:27:22,244 - INFO - delete service successful in default namespace
2021-02-19 06:27:29,094 - INFO - delete namespace successful in default namespace
2021-02-19 06:27:30,422 - INFO - delete network_attachment_definition successful in default namespace
2021-02-19 06:27:31,616 - INFO - delete network_policy successful in default namespace
2021-02-19 06:27:32,781 - INFO - delete ingress successful in default namespace
2021-02-19 06:27:34,975 - INFO - delete daemonset successful in default namespace
2021-02-19 06:29:39,259 - INFO - Applying policy file: /var/tmp/templates/auth_policy.yaml
2021-02-19 06:29:40,578 - INFO - Waiting for policy to update in ConfigMap
2021-02-19 06:29:45,579 - INFO - Policy updated in ConfigMap
2021-02-19 06:29:53,593 - INFO - create pod successful in default namespace
2021-02-19 06:29:55,072 - INFO - create deployment successful in default namespace
2021-02-19 06:29:56,643 - INFO - create service successful in default namespace
2021-02-19 06:29:58,108 - INFO - create namespace successful in default namespace
2021-02-19 06:29:59,852 - INFO - create network_attachment_definition successful in default namespace
2021-02-19 06:30:01,279 - INFO - create network_policy successful in default namespace
2021-02-19 06:30:02,768 - INFO - create ingress successful in default namespace
2021-02-19 06:30:04,304 - INFO - create daemonset successful in default namespace
2021-02-19 06:30:09,661 - INFO - delete pod successful in default namespace
2021-02-19 06:30:10,911 - INFO - delete deployment successful in default namespace
2021-02-19 06:30:12,279 - INFO - delete service successful in default namespace
2021-02-19 06:30:18,760 - INFO - delete namespace successful in default namespace
2021-02-19 06:30:19,970 - INFO - delete network_attachment_definition successful in default namespace
2021-02-19 06:30:21,242 - INFO - delete network_policy successful in default namespace
2021-02-19 06:30:22,447 - INFO - delete ingress successful in default namespace
2021-02-19 06:30:23,690 - INFO - delete daemonset successful in default namespace
2021-02-19 06:36:39,846 - INFO - Applying policy file: /var/tmp/templates/auth_policy.yaml
2021-02-19 06:36:41,137 - INFO - Waiting for policy to update in ConfigMap
2021-02-19 06:36:46,138 - INFO - Policy updated in ConfigMap
2021-02-19 06:36:49,807 - INFO - create pod successful in default namespace
2021-02-19 06:36:53,938 - INFO - create deployment successful in default namespace
2021-02-19 06:36:55,553 - INFO - create service successful in default namespace
2021-02-19 06:36:57,000 - INFO - create namespace successful in default namespace
2021-02-19 06:36:58,445 - INFO - create network_attachment_definition successful in default namespace
2021-02-19 06:36:59,867 - INFO - create network_policy successful in default namespace
2021-02-19 06:37:01,286 - INFO - create ingress successful in default namespace
2021-02-19 06:37:02,688 - INFO - create daemonset successful in default namespace
2021-02-19 06:37:06,774 - INFO - delete pod successful in default namespace
2021-02-19 06:37:07,975 - INFO - delete deployment successful in default namespace
2021-02-19 06:37:09,319 - INFO - delete service successful in default namespace
2021-02-19 06:37:15,765 - INFO - delete namespace successful in default namespace
2021-02-19 06:37:17,171 - INFO - delete network_attachment_definition successful in default namespace
2021-02-19 06:37:18,354 - INFO - delete network_policy successful in default namespace
2021-02-19 06:37:19,606 - INFO - delete ingress successful in default namespace
2021-02-19 06:37:20,847 - INFO - delete daemonset successful in default namespace
2021-02-19 06:39:25,486 - INFO - Applying policy file: /var/tmp/templates/auth_policy.yaml
2021-02-19 06:39:26,796 - INFO - Waiting for policy to update in ConfigMap
2021-02-19 06:39:31,797 - INFO - Policy updated in ConfigMap
2021-02-19 06:39:38,748 - INFO - create pod successful in default namespace
2021-02-19 06:39:40,182 - INFO - create deployment successful in default namespace
2021-02-19 06:39:41,637 - INFO - create service successful in default namespace
2021-02-19 06:39:43,096 - INFO - create namespace successful in default namespace
2021-02-19 06:39:44,571 - INFO - create network_attachment_definition successful in default namespace
2021-02-19 06:39:45,954 - INFO - create network_policy successful in default namespace
2021-02-19 06:39:47,382 - INFO - create ingress successful in default namespace
2021-02-19 06:39:48,809 - INFO - create daemonset successful in default namespace
2021-02-19 06:39:53,692 - INFO - delete pod successful in default namespace
2021-02-19 06:39:54,956 - INFO - delete deployment successful in default namespace
2021-02-19 06:39:56,269 - INFO - delete service successful in default namespace
2021-02-19 06:40:04,116 - INFO - delete namespace successful in default namespace
2021-02-19 06:40:05,389 - INFO - delete network_attachment_definition successful in default namespace
2021-02-19 06:40:07,429 - INFO - delete network_policy successful in default namespace
2021-02-19 06:40:08,638 - INFO - delete ingress successful in default namespace
2021-02-19 06:40:10,004 - INFO - delete daemonset successful in default namespace
2021-02-19 06:40:55,927 - INFO - Applying policy file: /var/tmp/templates/auth_policy.yaml
2021-02-19 06:40:57,181 - INFO - Waiting for policy to update in ConfigMap
2021-02-19 06:41:02,182 - INFO - Policy updated in ConfigMap
2021-02-19 06:41:07,265 - INFO - create pod successful in default namespace
2021-02-19 06:41:08,741 - INFO - create deployment successful in default namespace
2021-02-19 06:41:10,219 - INFO - create service successful in default namespace
2021-02-19 06:41:11,647 - INFO - create namespace successful in default namespace
2021-02-19 06:41:13,177 - INFO - create network_attachment_definition successful in default namespace
2021-02-19 06:41:14,655 - INFO - create network_policy successful in default namespace
2021-02-19 06:41:16,143 - INFO - create ingress successful in default namespace
2021-02-19 06:41:17,635 - INFO - create daemonset successful in default namespace
2021-02-19 06:41:22,531 - INFO - delete pod successful in default namespace
2021-02-19 06:41:23,776 - INFO - delete deployment successful in default namespace
2021-02-19 06:41:25,148 - INFO - delete service successful in default namespace
2021-02-19 06:41:31,664 - INFO - delete namespace successful in default namespace
2021-02-19 06:41:32,933 - INFO - delete network_attachment_definition successful in default namespace
2021-02-19 06:41:34,580 - INFO - delete network_policy successful in default namespace
2021-02-19 06:41:35,817 - INFO - delete ingress successful in default namespace
2021-02-19 06:41:37,064 - INFO - delete daemonset successful in default namespace
2021-02-19 06:42:15,940 - INFO - Applying policy file: /var/tmp/templates/auth_policy.yaml
2021-02-19 06:42:17,249 - INFO - Waiting for policy to update in ConfigMap
2021-02-19 06:42:22,251 - INFO - Policy updated in ConfigMap
2021-02-19 06:42:25,260 - INFO - create pod successful in default namespace
2021-02-19 06:42:27,107 - INFO - create deployment successful in default namespace
2021-02-19 06:42:28,908 - INFO - create service successful in default namespace
2021-02-19 06:42:30,312 - INFO - create namespace successful in default namespace
2021-02-19 06:42:32,308 - INFO - create network_attachment_definition successful in default namespace
2021-02-19 06:42:33,754 - INFO - create network_policy successful in default namespace
2021-02-19 06:42:35,190 - INFO - create ingress successful in default namespace
2021-02-19 06:42:36,706 - INFO - create daemonset successful in default namespace
2021-02-19 06:42:41,801 - INFO - delete pod successful in default namespace
2021-02-19 06:42:43,043 - INFO - delete deployment successful in default namespace
2021-02-19 06:42:44,392 - INFO - delete service successful in default namespace
2021-02-19 06:42:50,972 - INFO - delete namespace successful in default namespace
2021-02-19 06:42:52,210 - INFO - delete network_attachment_definition successful in default namespace
2021-02-19 06:42:53,411 - INFO - delete network_policy successful in default namespace
2021-02-19 06:42:54,644 - INFO - delete ingress successful in default namespace
2021-02-19 06:42:55,879 - INFO - delete daemonset successful in default namespace
